rpm = 2632, afr = 14.70, ECT = 79.5, gear = 4,tps = 9.6, map = 48,gx = -0.020, gy = 0.060, gz = 0.990
rpm = 2632, afr = 14.70, ECT = 79.5, gear = 4,tps = 9.6, map = 48,gx = -0.050, gy = 0.010, gz = 1.030
rpm = 2624, afr = 14.70, ECT = 79.5, gear = 4,tps = 9.7, map = 48,gx = -0.030, gy = 0.030, gz = 1.060
rpm = 2639, afr = 14.70, ECT = 79.5, gear = 4,tps = 9.6, map = 48,gx = -0.050, gy = 0.020, gz = 1.050
rpm = 2633, afr = 14.70, ECT = 79.5, gear = 4,tps = 9.7, map = 48,gx = -0.050, gy = 0.060, gz = 1.060
rpm = 2623, afr = 14.70, ECT = 79.5, gear = 4,tps = 9.6, map = 48,gx = -0.050, gy = 0.040, gz = 0.980
rpm = 2631, afr = 14.85, ECT = 79.5, gear = 4,tps = 9.6, map = 48,gx = -0.050, gy = 0.030, gz = 0.940
rpm = 2621, afr = 14.70, ECT = 79.5, gear = 4,tps = 9.7, map = 48,gx = -0.030, gy = 0.030, gz = 0.970
rpm = 2632, afr = 14.70, ECT = 79.5, gear = 4,tps = 9.6, map = 48,rpm = 2636, afr = 14.70, ECT = 79.5, gear = 4,tps = 9.6, map = 48,gx = -0.020, gy = 0.020, gz = 0.960
rpm = 2631, afr = 14.70, ECT = 79.5, gear = 4,tps = 9.7, map = 48,gx = -0.010, gy = 0.030, gz = 0.980
rpm = 2576, afr = 14.55, ECT = 79.8, gear = 4,tps = 12.4, map = 61,gx = -0.020, gy = -0.010, gz = 0.950
rpm = 2583, afr = 14.70, ECT = 79.8, gear = 4,tps = 12.4, map = 62,gx = -0.030, gy = -0.010, gz = 0.990
rpm = 2589, afr = 14.55, ECT = 79.8, gear = 4,tps = 12.4, map = 62,gx = -0.030, gy = 0.000, gz = 0.990
rpm = 2580, afr = 14.41, ECT = 79.8, gear = 4,tps = 12.5, map = 62,gx = -0.030, gy = -0.020, gz = 0.950
rpm = 2583, afr = 14.55, ECT = 79.8, gear = 4,tps = 12.5, map = 62,gx = -0.030, gy = -0.010, gz = 1.020
rpm = 2583, afr = 14.55, ECT = 79.8, gear = 4,tps = 12.5, map = 62,gx = -0.040, gy = 0.000, gz = 1.030
rpm = 2575, afr = 14.55, ECT = 79.8, gear = 4,tps = 12.5, map = 62,gx = -0.020, gy = -0.020, gz = 0.990
rpm = 2595, afr = 14.55, ECT = 79.8, gear = 4,tps = 12.6, map = 62,gx = -0.020, gy = 0.040, gz = 0.970
rpm = 2583, afr = 14.55, ECT = 79.9, gear = 4,tps = 12.6, map = 63,gx = -0.050, gy = 0.040, gz = 1.030
rpm = 2588, afr = 14.55, ECT = 79.8, gear = 4,tps = 12.6, map = 63,gx = -0.040, gy = 0.020, gz = 1.000
rpm = 2595, afr = 14.55, ECT = 79.8, gear = 4,tps = 12.7, map = 63,gx = -0.030, gy = 0.030, gz = 0.990
rpm = 2579, afr = 14.55, ECT = 79.9, gear = 4,tps = 12.7, map = 63,gx = -0.040, gy = 0.000, gz = 1.000
rpm = 2587, afr = 14.70, ECT = 79.8, gear = 4,tps = 12.7, map = 63,gx = -0.040, gy = 0.000, gz = 0.980
rpm = 2588, afr = 14.41, ECT = 79.9, gear = 4,tps = 12.8, map = 63,gx = -0.050, gy = 0.000, gz = 1.030
rpm = 2588, afr = 14.55, ECT = 79.9, gear = 4,tps = 12.8, map = 63,gx = -0.030, gy = 0.000, gz = 0.990
rpm = 2597, afr = 14.55, ECT = 79.8, gear = 4,tps = 12.8, map = 64,gx = -0.020, gy = -0.010, gz = 0.980
rpm = 2594, afr = 14.55, ECT = 79.9, gear = 4,tps = 12.8, map = 64,gx = -0.020, gy = -0.010, gz = 1.020
rpm = 2588, afr = 14.55, ECT = 79.9, gear = 4,tps = 12.9, map = 64,gx = -0.030, gy = -0.010, gz = 1.020
rpm = 2590, afr = 14.55, ECT = 79.9, gear = 4,tps = 12.9, map = 64,gx = -0.020, gy = 0.010, gz = 1.030
rpm = 2592, afr = 14.41, ECT = 79.9, gear = 4,tps = 12.9, map = 64,gx = -0.020, gy = 0.040, gz = 1.070
rpm = 2597, afr = 14.41, ECT = 79.9, gear = 4,tps = 12.9, map = 64,gx = -0.030, gy = 0.010, gz = 1.070
rpm = 2601, afr = 14.41, ECT = 79.9, gear = 4,tps = 13.0, map = 64,gx = -0.040, gy = 0.020, gz = 1.070
rpm = 2598, afr = 14.41, ECT = 79.9, gear = 4gx = -0.050, gy = 0.010, gz = 1.080
,tps = 13.0, map = 64,rpm = 2597, afr = 14.41, ECT = 79.9, gear = 4,tps = 13.0, map = 65,gx = -0.040, gy = 0.010, gz = 1.050
rpm = 2590, afr = 14.41, ECT = 79.9, gear = 4,tps = 13.0, map = 65,gx = -0.030, gy = 0.020, gz = 1.000
rpm = 2593, afr = 14.41, ECT = 79.9, gear = 4,tps = 13.0, map = 65,gx = -0.030, gy = -0.010, gz = 0.930
rpm = 2594, afr = 14.41, ECT = 79.9, gear = 4,tps = 13.1, map = 65,gx = -0.020, gy = 0.010, gz = 0.890
rpm = 2591, afr = 14.41, ECT = 79.9, gear = 4,tps = 13.1, map = 65,gx = -0.030, gy = -0.020, gz = 0.860
rpm = 2596, afr = 14.41, ECT = 79.9, gear = 4,tps = 13.1, map = 65,gx = -0.020, gy = -0.010, gz = 0.830
rpm = 2585, afr = 14.41, ECT = 79.9, gear = 4,tps = 13.1, map = 65,gx = -0.020, gy = -0.020, gz = 0.840
rpm = 2594, afr = 14.41, ECT = 79.9, gear = 4,tps = 13.1, map = 65,gx = -0.030, gy = -0.030, gz = 0.920
rpm = 2599, afr = 14.26, ECT = 79.9, gear = 4,tps = 13.2, map = 66,gx = -0.040, gy = -0.030, gz = 1.000
rpm = 2608, afr = 14.41, ECT = 79.9, gear = 4,tps = 13.2, map = 66,gx = -0.050, gy = 0.000, gz = 1.110
rpm = 2605, afr = 14.26, ECT = 79.9, gear = 4,tps = 13.2, map = 66,gx = -0.040, gy = -0.020, gz = 1.110
rpm = 2612, afr = 14.26, ECT = 79.9, gear = 4,tps = 13.3, map = 66,gx = -0.030, gy = -0.010, gz = 1.170
rpm = 2602, afr = 14.26, ECT = 79.9, gear = 4,tps = 13.3, map = 66,gx = -0.020, gy = 0.000, gz = 1.140
rpm = 2600, afr = 14.26, ECT = 79.9, gear = 4,tps = 13.3, map = 66,gx = -0.010, gy = -0.020, gz = 1.050
rpm = 2605, afr = 14.41, ECT = 79.9, gear = 4,tps = 13.3, map = 66,gx = -0.010, gy = -0.030, gz = 0.980
rpm = 2598, afr = 14.26, ECT = 79.9, gear = 4,tps = 13.3, map = 66,gx = -0.030, gy = -0.020, gz = 0.920
rpm = 2598, afr = 14.41, ECT = 79.9, gear = 4,tps = 13.3, map = 66,gx = -0.030, gy = 0.000, gz = 0.900
rpm = 2608, afr = 14.41, ECT = 79.9, gear = 4,tps = 13.3, map = 66,gx = -0.020, gy = 0.010, gz = 0.930
rpm = 2596, afr = 14.26, ECT = 79.9, gear = 4,tps = 13.3, map = 66,gx = -0.030, gy = -0.020, gz = 0.920
rpm = 2609, afr = 14.41, ECT = 79.9, gear = 4,tps = 13.3, map = 66,gx = -0.020, gy = 0.010, gz = 0.950
rpm = 2601, afr = 14.41, ECT = 79.9, gear = 4,tps = 13.3, map = 66,gx = -0.030, gy = -0.010, gz = 1.020
rpm = 2610, afr = 14.26, ECT = 79.9, gear = 4,tps = 13.4, map = 66,gx = -0.050, gy = -0.040, gz = 1.020
rpm = 2611, afr = 14.41, ECT = 79.9, gear = 4,tps = 13.4, map = 66,gx = -0.030, gy = -0.010, gz = 0.990
rpm = 2606, afr = 14.26, ECT = 79.9, gear = 4,tps = 13.4, map = 66,gx = -0.070, gy = -0.020, gz = 1.020
rpm = 2606, afr = 14.41, ECT = 80.0, gear = 4,tps = 13.4, map = 66,gx = -0.060, gy = 0.030, gz = 1.030
rpm = 2611, afr = 14.26, ECT = 79.9, gear = 4,tps = 13.4, map = 66,gx = -0.060, gy = -0.010, gz = 1.040
rpm = 2604, afr = 14.26, ECT = 79.9, gear = 4,tps = 13.4, map = 66,gx = -0.030, gy = -0.020, gz = 0.990
rpm = 2612, afr = 14.41, ECT = 80.0, gear = 4,tps = 13.4, map = 66,gx = -0.020, gy = -0.020, gz = 0.980
rpm = 2610, afr = 14.41, ECT = 79.9, gear = 4,tps = 13.4, map = 66,gx = -0.030, gy = 0.000, gz = 0.930
rpm = 2606, afr = 14.41, ECT = 79.9, gear = 4,tps = 13.4, map = 67,gx = -0.020, gy = 0.000, gz = 0.920
rpm = 2613, afr = 14.41, ECT = 80.0, gear = 4,tps = 13.4, map = 67,gx = -0.040, gy = -0.020, gz = 0.940
rpm = 2606, afr = 14.41, ECT = 80.0, gear = 4gx = -0.030, gy = -0.020, gz = 0.960
,tps = 13.4, map = 67,rpm = 2608, afr = 14.41, ECT = 80.0, gear = 4,tps = 13.4, map = 66,gx = -0.040, gy = 0.040, gz = 0.990
rpm = 2618, afr = 14.41, ECT = 80.0, gear = 4,tps = 13.4, map = 66,gx = -0.030, gy = 0.020, gz = 1.010
rpm = 2615, afr = 14.41, ECT = 80.0, gear = 4,tps = 13.4, map = 66,gx = -0.040, gy = 0.000, gz = 0.990
rpm = 2617, afr = 14.41, ECT = 80.0, gear = 4,tps = 13.4, map = 66,gx = -0.030, gy = 0.000, gz = 0.970
rpm = 2609, afr = 14.41, ECT = 80.0, gear = 4,tps = 13.4, map = 66,gx = -0.030, gy = 0.000, gz = 0.980
rpm = 2612, afr = 14.41, ECT = 80.0, gear = 4,tps = 13.4, map = 67,gx = -0.030, gy = -0.030, gz = 0.970
rpm = 2617, afr = 14.41, ECT = 80.0, gear = 4,tps = 13.4, map = 67,gx = -0.040, gy = -0.020, gz = 0.970
rpm = 2618, afr = 14.41, ECT = 80.0, gear = 4,tps = 13.4, map = 67,gx = -0.040, gy = -0.010, gz = 0.970
rpm = 2621, afr = 14.41, ECT = 80.0, gear = 4,tps = 13.5, map = 67,gx = -0.030, gy = -0.020, gz = 0.990
rpm = 2613, afr = 14.41, ECT = 80.0, gear = 4,tps = 13.4, map = 67,gx = -0.030, gy = -0.010, gz = 0.970
rpm = 2618, afr = 14.41, ECT = 80.0, gear = 4,tps = 13.4, map = 67,gx = -0.040, gy = -0.010, gz = 0.990
rpm = 2615, afr = 14.55, ECT = 80.0, gear = 4,tps = 13.4, map = 67,gx = -0.030, gy = 0.010, gz = 1.010
rpm = 2626, afr = 14.41, ECT = 80.0, gear = 4,tps = 13.4, map = 67,gx = -0.030, gy = 0.020, gz = 1.010
rpm = 2623, afr = 14.41, ECT = 80.0, gear = 4,tps = 13.4, map = 66,gx = -0.040, gy = -0.010, gz = 1.010
rpm = 2618, afr = 14.55, ECT = 80.0, gear = 4,tps = 13.4, map = 66,gx = -0.040, gy = -0.010, gz = 1.010
rpm = 2617, afr = 14.41, ECT = 80.0, gear = 4,tps = 13.5, map = 67,gx = -0.030, gy = 0.020, gz = 1.000
rpm = 2621, afr = 14.41, ECT = 80.0, gear = 4,tps = 13.5, map = 67,gx = -0.030, gy = -0.020, gz = 0.980
rpm = 2624, afr = 14.41, ECT = 80.0, gear = 4,tps = 13.4, map = 67,gx = -0.030, gy = -0.030, gz = 1.020
rpm = 2626, afr = 14.41, ECT = 80.0, gear = 4,tps = 13.4, map = 67,gx = -0.040, gy = 0.000, gz = 0.990
rpm = 2623, afr = 14.41, ECT = 80.0, gear = 4,tps = 13.4, map = 67,gx = -0.020, gy = 0.000, gz = 0.950
rpm = 2619, afr = 14.41, ECT = 80.0, gear = 4,tps = 13.4, map = 66,gx = -0.010, gy = -0.010, gz = 0.960
rpm = 2618, afr = 14.41, ECT = 80.0, gear = 4,tps = 13.4, map = 66,gx = -0.020, gy = -0.050, gz = 0.950
rpm = 2631, afr = 14.55, ECT = 80.0, gear = 4,tps = 13.4, map = 66,gx = -0.030, gy = 0.020, gz = 0.970
rpm = 2621, afr = 14.41, ECT = 80.0, gear = 4,tps = 13.4, map = 66,gx = -0.030, gy = 0.040, gz = 0.940
rpm = 2631, afr = 14.41, ECT = 80.0, gear = 4,tps = 13.4, map = 66,gx = -0.040, gy = 0.000, gz = 0.950
rpm = 2623, afr = 14.41, ECT = 80.0, gear = 4,tps = 13.4, map = 66,gx = -0.060, gy = -0.030, gz = 0.970
rpm = 2620, afr = 14.41, ECT = 80.0, gear = 4,tps = 13.4, map = 66,gx = -0.040, gy = -0.020, gz = 1.020
rpm = 2630, afr = 14.41, ECT = 80.0, gear = 4,tps = 13.4, map = 66,gx = -0.040, gy = -0.020, gz = 1.000
rpm = 2629, afr = 14.41, ECT = 80.1, gear = 4,tps = 13.4, map = 66,gx = -0.040, gy = 0.010, gz = 1.020
rpm = 2631, afr = 14.41, ECT = 80.1, gear = 4,tps = 13.4, map = 66,gx = -0.020, gy = -0.010, gz = 1.020
rpm = 2629, afr = 14.41, ECT = 80.1, gear = 4,tps = 13.4, map = 66,gx = -0.030, gy = -0.020, gz = 1.000
rpm = 2623, afr = 14.41, ECT = 80.1, gear = 4gx = -0.020, gy = -0.010, gz = 0.970
,tps = 13.4, map = 66,rpm = 2632, afr = 14.55, ECT = 80.1, gear = 4,tps = 13.4, map = 66,gx = -0.030, gy = 0.030, gz = 0.980
rpm = 2629, afr = 14.41, ECT = 80.1, gear = 4,tps = 13.4, map = 66,gx = -0.020, gy = -0.020, gz = 0.980
rpm = 2639, afr = 14.41, ECT = 80.1, gear = 4,tps = 13.4, map = 66,gx = -0.030, gy = -0.030, gz = 1.020
rpm = 2637, afr = 14.41, ECT = 80.1, gear = 4,tps = 13.4, map = 66,gx = -0.030, gy = -0.010, gz = 1.040
rpm = 2629, afr = 14.26, ECT = 80.1, gear = 4,tps = 13.4, map = 66,gx = -0.030, gy = -0.010, gz = 1.020
rpm = 2634, afr = 14.41, ECT = 80.1, gear = 4,tps = 13.4, map = 66,gx = -0.040, gy = 0.010, gz = 1.020
rpm = 2630, afr = 14.41, ECT = 80.1, gear = 4,tps = 13.4, map = 66,gx = -0.040, gy = -0.020, gz = 1.000
rpm = 2638, afr = 14.41, ECT = 80.1, gear = 4,tps = 13.4, map = 66,gx = -0.020, gy = -0.040, gz = 0.970
rpm = 2637, afr = 14.41, ECT = 80.1, gear = 4,tps = 13.4, map = 66,gx = -0.030, gy = -0.010, gz = 1.020
rpm = 2633, afr = 14.41, ECT = 80.1, gear = 4,tps = 13.4, map = 66,gx = -0.030, gy = 0.010, gz = 1.060
rpm = 2630, afr = 14.41, ECT = 80.0, gear = 4,tps = 5.0, map = 63,gx = -0.030, gy = 0.040, gz = 1.080
rpm = 2617, afr = 14.41, ECT = 80.0, gear = 4,tps = 0.7, map = 50,gx = -0.010, gy = 0.000, gz = 1.020
rpm = 2620, afr = 14.41, ECT = 80.1, gear = 4,tps = 0.6, map = 39,gx = 0.000, gy = 0.010, gz = 1.000
rpm = 2618, afr = 14.41, ECT = 80.1, gear = 4,tps = 0.7, map = 33,gx = -0.030, gy = 0.020, gz = 1.010
rpm = 2582, afr = 14.26, ECT = 80.4, gear = 4,tps = 22.4, map = 36,gx = -0.020, gy = 0.030, gz = 1.010
rpm = 2670, afr = 13.23, ECT = 80.4, gear = 4,tps = 49.4, map = 84,gx = -0.050, gy = 0.040, gz = 0.970
rpm = 2933, afr = 10.73, ECT = 80.3, gear = 4,tps = 58.3, map = 103,gx = -0.040, gy = 0.010, gz = 0.960
rpm = 3211, afr = 12.05, ECT = 80.2, gear = 4,tps = 55.6, map = 102,gx = -0.030, gy = 0.020, gz = 0.950
rpm = 3517, afr = 13.38, ECT = 80.2, gear = 4,tps = 23.1, map = 99,gx = -0.040, gy = 0.000, gz = 0.940
rpm = 3707, afr = 14.11, ECT = 80.1, gear = 4,tps = 1.2, map = 76,gx = -0.010, gy = 0.010, gz = 0.910
rpm = 3678, afr = 13.38, ECT = 80.1, gear = 3,tps = 0.5, map = 47,gx = -0.010, gy = 0.020, gz = 0.980
rpm = 3607, afr = 12.64, ECT = 80.2, gear = 3,tps = 0.4, map = 35,gx = 0.010, gy = 0.040, gz = 0.960
rpm = 3526, afr = 12.05, ECT = 80.2, gear = 3,tps = 0.5, map = 31,gx = 0.000, gy = 0.090, gz = 1.000
rpm = 3443, afr = 11.61, ECT = 80.1, gear = 3,tps = 0.5, map = 28,gx = -0.010, gy = 0.100, gz = 0.990
rpm = 3385, afr = 11.47, ECT = 80.1, gear = 3,tps = 0.5, map = 27,gx = -0.040, gy = 0.080, gz = 0.940
rpm = 3301, afr = 11.47, ECT = 80.1, gear = 3,tps = 6.2, map = 27,gx = -0.040, gy = 0.050, gz = 0.940
rpm = 3235, afr = 11.47, ECT = 80.5, gear = 3,tps = 18.0, map = 39,gx = -0.030, gy = 0.040, gz = 0.960
rpm = 3347, afr = 12.79, ECT = 80.3, gear = 3,tps = 24.0, map = 64,gx = -0.050, gy = 0.090, gz = 1.020
rpm = 3632, afr = 12.49, ECT = 80.2, gear = 3,tps = 31.6, map = 86,gx = -0.030, gy = 0.100, gz = 0.980
rpm = 3874, afr = 14.11, ECT = 80.2, gear = 3,tps = 35.5, map = 95,gx = -0.040, gy = 0.090, gz = 1.000
rpm = 3803, afr = 14.55, ECT = 80.3, gear = 3,tps = 35.7, map = 98,gx = -0.010, gy = -0.060, gz = 1.110
rpm = 3559, afr = 14.26, ECT = 80.3, gear = 3gx = 0.010, gy = -0.170, gz = 1.090
,tps = 35.8, map = 100,rpm = 3594, afr = 13.96, ECT = 80.3, gear = 3,tps = 35.8, map = 104,gx = -0.020, gy = -0.120, gz = 1.030
rpm = 3770, afr = 14.11, ECT = 80.3, gear = 3,tps = 40.2, map = 106,gx = -0.010, gy = -0.070, gz = 0.950
rpm = 3680, afr = 13.82, ECT = 80.3, gear = 3,tps = 41.9, map = 110,gx = -0.010, gy = -0.180, gz = 0.980
rpm = 3626, afr = 13.52, ECT = 80.3, gear = 3,tps = 42.1, map = 113,gx = 0.000, gy = -0.160, gz = 1.010
rpm = 3752, afr = 13.82, ECT = 80.3, gear = 3,tps = 49.2, map = 116,gx = -0.020, gy = -0.070, gz = 1.000
rpm = 3755, afr = 13.82, ECT = 80.4, gear = 3,tps = 58.5, map = 121,gx = -0.010, gy = -0.120, gz = 1.050
rpm = 3673, afr = 12.94, ECT = 80.4, gear = 3,tps = 60.9, map = 124,gx = -0.020, gy = -0.170, gz = 1.070
rpm = 3742, afr = 13.67, ECT = 80.4, gear = 3,tps = 61.4, map = 128,gx = -0.010, gy = -0.140, gz = 1.000
rpm = 3785, afr = 13.82, ECT = 80.4, gear = 3,tps = 65.8, map = 131,gx = -0.010, gy = -0.160, gz = 1.000
rpm = 3736, afr = 13.38, ECT = 80.4, gear = 3,tps = 67.5, map = 135,gx = -0.010, gy = -0.190, gz = 1.020
rpm = 3777, afr = 13.52, ECT = 80.4, gear = 3,tps = 67.7, map = 138,gx = -0.010, gy = -0.190, gz = 1.000
rpm = 3822, afr = 13.67, ECT = 80.4, gear = 3,tps = 68.0, map = 141,gx = 0.010, gy = -0.160, gz = 0.930
rpm = 3808, afr = 13.96, ECT = 80.4, gear = 3,tps = 68.4, map = 145,gx = 0.000, gy = -0.200, gz = 1.030
rpm = 3804, afr = 13.38, ECT = 80.4, gear = 3,tps = 68.6, map = 149,gx = 0.020, gy = -0.250, gz = 0.990
rpm = 3857, afr = 13.67, ECT = 80.4, gear = 3,tps = 68.8, map = 152,gx = -0.040, gy = -0.190, gz = 0.910
rpm = 3861, afr = 13.52, ECT = 80.4, gear = 3,tps = 68.9, map = 156,gx = -0.010, gy = -0.190, gz = 0.840
rpm = 3851, afr = 13.08, ECT = 80.4, gear = 3,tps = 68.9, map = 160,gx = 0.000, gy = -0.160, gz = 0.760
rpm = 3905, afr = 13.38, ECT = 80.4, gear = 3,tps = 69.0, map = 163,gx = -0.020, gy = -0.190, gz = 0.770
rpm = 3926, afr = 12.94, ECT = 80.4, gear = 3,tps = 69.0, map = 167,gx = -0.040, gy = -0.160, gz = 0.920
rpm = 3915, afr = 12.64, ECT = 80.4, gear = 3,tps = 69.1, map = 171,gx = -0.020, gy = -0.230, gz = 1.010
rpm = 3958, afr = 12.79, ECT = 80.4, gear = 3,tps = 69.2, map = 175,gx = -0.030, gy = -0.280, gz = 1.070
rpm = 3985, afr = 12.35, ECT = 80.4, gear = 3,tps = 69.4, map = 178,gx = -0.030, gy = -0.250, gz = 1.110
rpm = 3977, afr = 12.49, ECT = 80.4, gear = 3,tps = 69.7, map = 182,gx = -0.020, gy = -0.260, gz = 1.040
rpm = 4008, afr = 12.49, ECT = 80.5, gear = 3,tps = 70.0, map = 185,gx = -0.030, gy = -0.250, gz = 0.980
rpm = 4048, afr = 12.05, ECT = 80.4, gear = 3,tps = 70.4, map = 189,gx = -0.020, gy = -0.230, gz = 0.930
rpm = 4049, afr = 12.20, ECT = 80.5, gear = 3,tps = 70.8, map = 193,gx = -0.050, gy = -0.270, gz = 0.920
rpm = 4071, afr = 12.49, ECT = 80.4, gear = 3,tps = 71.1, map = 197,gx = -0.050, gy = -0.270, gz = 0.920
rpm = 4107, afr = 12.20, ECT = 80.5, gear = 3,tps = 71.4, map = 200,gx = -0.010, gy = -0.280, gz = 0.900
rpm = 4134, afr = 12.05, ECT = 80.5, gear = 3,tps = 71.7, map = 204,gx = -0.030, gy = -0.320, gz = 0.970
rpm = 4146, afr = 12.49, ECT = 80.4, gear = 3,tps = 71.8, map = 207,gx = -0.050, gy = -0.340, gz = 1.000
rpm = 4182, afr = 12.20, ECT = 80.5, gear = 3,tps = 71.9, map = 211,gx = -0.030, gy = -0.310, gz = 1.020
rpm = 4197, afr = 12.20, ECT = 80.5, gear = 3gx = -0.040, gy = -0.310, gz = 1.030
,tps = 72.1, map = 214,rpm = 4224, afr = 12.20, ECT = 80.5, gear = 3,tps = 72.1, map = 217,gx = -0.040, gy = -0.330, gz = 1.000
rpm = 4251, afr = 12.05, ECT = 80.5, gear = 3,tps = 72.2, map = 220,gx = -0.040, gy = -0.340, gz = 1.000
rpm = 4278, afr = 12.05, ECT = 80.5, gear = 3,tps = 72.3, map = 223,gx = -0.030, gy = -0.330, gz = 0.990
rpm = 4280, afr = 11.91, ECT = 80.5, gear = 3,tps = 72.3, map = 226,gx = -0.050, gy = -0.340, gz = 0.950
rpm = 4331, afr = 11.76, ECT = 80.5, gear = 3,tps = 72.3, map = 228,gx = -0.020, gy = -0.340, gz = 0.920
rpm = 4361, afr = 11.76, ECT = 80.5, gear = 3,tps = 72.4, map = 230,gx = -0.030, gy = -0.340, gz = 0.990
rpm = 4361, afr = 11.76, ECT = 80.5, gear = 3,tps = 72.4, map = 232,gx = -0.040, gy = -0.350, gz = 0.960
rpm = 4398, afr = 11.91, ECT = 80.5, gear = 3,tps = 72.4, map = 234,gx = 0.000, gy = -0.400, gz = 0.960
rpm = 4431, afr = 11.47, ECT = 80.5, gear = 3,tps = 72.4, map = 235,gx = -0.010, gy = -0.370, gz = 0.960
rpm = 4456, afr = 11.61, ECT = 80.6, gear = 3,tps = 72.4, map = 236,gx = 0.000, gy = -0.360, gz = 1.030
rpm = 4479, afr = 11.61, ECT = 80.5, gear = 3,tps = 72.4, map = 237,gx = -0.020, gy = -0.390, gz = 0.960
rpm = 4518, afr = 11.47, ECT = 80.6, gear = 3,tps = 72.4, map = 238,gx = -0.040, gy = -0.390, gz = 0.920
rpm = 4544, afr = 11.61, ECT = 80.6, gear = 3,tps = 72.3, map = 238,gx = 0.000, gy = -0.350, gz = 0.970
rpm = 4546, afr = 11.61, ECT = 80.6, gear = 3,tps = 72.3, map = 238,gx = 0.010, gy = -0.300, gz = 0.920
rpm = 4603, afr = 11.61, ECT = 80.6, gear = 3,tps = 72.3, map = 238,gx = 0.020, gy = -0.310, gz = 0.880
rpm = 4614, afr = 11.47, ECT = 80.6, gear = 3,tps = 72.2, map = 238,gx = -0.030, gy = -0.290, gz = 0.790
rpm = 4636, afr = 11.61, ECT = 80.6, gear = 3,tps = 72.1, map = 238,gx = -0.030, gy = -0.390, gz = 0.760
rpm = 4684, afr = 11.47, ECT = 80.6, gear = 3,tps = 72.1, map = 238,gx = -0.020, gy = -0.320, gz = 0.890
rpm = 4702, afr = 11.47, ECT = 80.6, gear = 3,tps = 72.0, map = 238,gx = -0.040, gy = -0.350, gz = 0.980
rpm = 4716, afr = 11.17, ECT = 80.7, gear = 3,tps = 72.0, map = 238,gx = -0.040, gy = -0.400, gz = 1.060
rpm = 4750, afr = 11.47, ECT = 80.7, gear = 3,tps = 72.0, map = 238,gx = -0.020, gy = -0.340, gz = 1.050
rpm = 4773, afr = 11.32, ECT = 80.7, gear = 3,tps = 72.0, map = 238,gx = -0.020, gy = -0.260, gz = 1.100
rpm = 4797, afr = 11.32, ECT = 80.7, gear = 3,tps = 72.0, map = 237,gx = -0.050, gy = -0.320, gz = 1.030
rpm = 4814, afr = 11.32, ECT = 80.7, gear = 3,tps = 72.0, map = 237,gx = -0.050, gy = -0.380, gz = 1.010
rpm = 4863, afr = 11.02, ECT = 80.7, gear = 3,tps = 72.0, map = 237,gx = 0.020, gy = -0.360, gz = 0.990
rpm = 4877, afr = 11.17, ECT = 80.7, gear = 3,tps = 72.0, map = 236,gx = 0.010, gy = -0.360, gz = 0.980
rpm = 4894, afr = 11.17, ECT = 80.7, gear = 3,tps = 71.9, map = 236,gx = -0.030, gy = -0.420, gz = 0.920
rpm = 4946, afr = 11.32, ECT = 80.8, gear = 3,tps = 71.9, map = 236,gx = -0.010, gy = -0.350, gz = 0.950
rpm = 4952, afr = 11.17, ECT = 80.8, gear = 3,tps = 71.9, map = 236,gx = -0.010, gy = -0.340, gz = 0.930
rpm = 4963, afr = 11.32, ECT = 80.8, gear = 3,tps = 71.2, map = 235,gx = -0.010, gy = -0.310, gz = 1.000
rpm = 5004, afr = 11.32, ECT = 80.8, gear = 3,tps = 52.0, map = 234,gx = -0.030, gy = -0.340, gz = 0.950
rpm = 4978, afr = 10.88, ECT = 80.8, gear = 3gx = 0.010, gy = -0.360, gz = 0.980
,tps = 15.7, map = 207,rpm = 4638, afr = 9.70, ECT = 80.6, gear = 3,tps = 0.7, map = 111,gx = 0.000, gy = -0.220, gz = 0.970
rpm = 4544, afr = 11.61, ECT = 80.6, gear = 3,tps = 0.6, map = 62,gx = 0.020, gy = -0.080, gz = 0.870
rpm = 4453, afr = 12.79, ECT = 80.6, gear = 3,tps = 0.6, map = 48,gx = -0.020, gy = 0.030, gz = 0.970
rpm = 4346, afr = 13.38, ECT = 80.5, gear = 3,tps = 0.6, map = 42,gx = 0.020, gy = 0.030, gz = 1.040
rpm = 4261, afr = 13.23, ECT = 80.6, gear = 3,tps = 0.6, map = 38,gx = -0.020, gy = 0.070, gz = 1.070
rpm = 4156, afr = 13.23, ECT = 80.6, gear = 3,tps = 0.6, map = 35,gx = -0.020, gy = 0.050, gz = 1.090
rpm = 4070, afr = 12.64, ECT = 80.6, gear = 3,tps = 0.6, map = 33,gx = -0.010, gy = 0.060, gz = 1.020
rpm = 3965, afr = 13.38, ECT = 80.6, gear = 3,tps = 0.6, map = 32,gx = -0.040, gy = 0.090, gz = 1.010
rpm = 3881, afr = 13.08, ECT = 80.7, gear = 3,tps = 11.2, map = 33,gx = 0.010, gy = 0.120, gz = 1.000
rpm = 3777, afr = 12.94, ECT = 81.0, gear = 3,tps = 18.7, map = 53,gx = 0.030, gy = 0.070, gz = 0.960
rpm = 3594, afr = 13.08, ECT = 80.7, gear = 4,tps = 20.7, map = 77,gx = 0.030, gy = -0.040, gz = 0.910
rpm = 3441, afr = 11.61, ECT = 80.8, gear = 4,tps = 20.9, map = 90,gx = 0.010, gy = -0.130, gz = 0.860
rpm = 3613, afr = 13.23, ECT = 80.8, gear = 4,tps = 21.1, map = 94,gx = 0.020, gy = -0.010, gz = 0.770
rpm = 3517, afr = 14.11, ECT = 80.8, gear = 4,tps = 14.0, map = 93,gx = -0.010, gy = -0.050, gz = 0.820
rpm = 3443, afr = 13.52, ECT = 80.7, gear = 4,tps = 0.9, map = 71,gx = -0.040, gy = -0.030, gz = 0.950
rpm = 3435, afr = 13.08, ECT = 80.8, gear = 4,tps = 0.6, map = 48,gx = -0.070, gy = 0.010, gz = 0.970
rpm = 3547, afr = 12.49, ECT = 80.9, gear = 4,tps = 0.5, map = 38,gx = -0.030, gy = 0.090, gz = 0.990
rpm = 3534, afr = 12.20, ECT = 80.9, gear = 4,tps = 0.5, map = 34,gx = -0.050, gy = 0.120, gz = 1.010
rpm = 3460, afr = 11.76, ECT = 80.9, gear = 4,tps = 0.5, map = 30,gx = -0.040, gy = 0.070, gz = 1.060
rpm = 3493, afr = 11.47, ECT = 80.9, gear = 4,tps = 0.5, map = 29,gx = -0.040, gy = 0.100, gz = 1.030
rpm = 3537, afr = 11.61, ECT = 80.9, gear = 4,tps = 0.5, map = 27,gx = -0.040, gy = 0.140, gz = 1.050
rpm = 3483, afr = 11.76, ECT = 80.9, gear = 4,tps = 0.5, map = 26,gx = -0.040, gy = 0.100, gz = 1.060
rpm = 3479, afr = 12.05, ECT = 81.0, gear = 4,tps = 0.5, map = 26,gx = -0.030, gy = 0.120, gz = 1.090
rpm = 3508, afr = 12.35, ECT = 81.0, gear = 4,tps = 0.5, map = 26,gx = -0.030, gy = 0.130, gz = 1.060
rpm = 3468, afr = 12.64, ECT = 81.0, gear = 4,tps = 0.5, map = 26,gx = -0.050, gy = 0.110, gz = 1.040
rpm = 3449, afr = 12.79, ECT = 81.0, gear = 4,tps = 0.5, map = 25,gx = -0.020, gy = 0.110, gz = 1.010
rpm = 3472, afr = 12.79, ECT = 81.1, gear = 4,tps = 0.5, map = 25,gx = -0.030, gy = 0.130, gz = 1.010
rpm = 3443, afr = 13.08, ECT = 81.1, gear = 4,tps = 0.5, map = 25,gx = -0.010, gy = 0.130, gz = 0.980
rpm = 3436, afr = 13.23, ECT = 81.1, gear = 4,tps = 0.5, map = 25,gx = -0.020, gy = 0.090, gz = 0.900
rpm = 3456, afr = 13.52, ECT = 81.1, gear = 4,tps = 0.5, map = 25,gx = -0.020, gy = 0.090, gz = 0.900
rpm = 3440, afr = 13.67, ECT = 81.2, gear = 4,tps = 0.5, map = 25,gx = -0.040, gy = 0.070, gz = 0.920
rpm = 3436, afr = 13.82, ECT = 81.2, gear = 4gx = -0.020, gy = 0.100, gz = 0.970
,tps = 0.5, map = 25,rpm = 3443, afr = 14.11, ECT = 81.2, gear = 4,tps = 0.5, map = 25,gx = -0.040, gy = 0.110, gz = 1.040
rpm = 3418, afr = 14.11, ECT = 81.3, gear = 4,tps = 0.5, map = 25,gx = -0.060, gy = 0.090, gz = 1.070
rpm = 3412, afr = 14.26, ECT = 81.3, gear = 4,tps = 0.5, map = 25,gx = -0.020, gy = 0.140, gz = 0.920
rpm = 3409, afr = 14.26, ECT = 81.3, gear = 4,tps = 0.5, map = 25,gx = -0.050, gy = 0.110, gz = 0.900
rpm = 3416, afr = 14.85, ECT = 81.3, gear = 4,tps = 0.5, map = 25,gx = -0.060, gy = 0.120, gz = 0.960
rpm = 3395, afr = 14.55, ECT = 81.3, gear = 4,tps = 0.5, map = 23,gx = -0.040, gy = 0.100, gz = 0.920
rpm = 3406, afr = 14.55, ECT = 81.3, gear = 4,tps = 0.5, map = 23,gx = -0.020, gy = 0.100, gz = 0.910
rpm = 3392, afr = 14.70, ECT = 81.4, gear = 4,tps = 0.5, map = 23,gx = -0.030, gy = 0.110, gz = 0.930
rpm = 3376, afr = 13.96, ECT = 81.4, gear = 4,tps = 0.5, map = 24,gx = -0.030, gy = 0.080, gz = 0.950
rpm = 3378, afr = 14.85, ECT = 81.4, gear = 4,tps = 0.5, map = 24,gx = -0.050, gy = 0.100, gz = 1.000
rpm = 3384, afr = 14.70, ECT = 81.5, gear = 4,tps = 0.5, map = 24,gx = -0.020, gy = 0.090, gz = 1.060
rpm = 3377, afr = 14.55, ECT = 81.5, gear = 4,tps = 0.5, map = 24,gx = -0.020, gy = 0.130, gz = 1.020
rpm = 3361, afr = 14.70, ECT = 81.5, gear = 4,tps = 0.5, map = 24,gx = -0.020, gy = 0.140, gz = 0.960
rpm = 3353, afr = 14.55, ECT = 81.5, gear = 4,tps = 0.5, map = 24,gx = 0.000, gy = 0.120, gz = 0.920
rpm = 3347, afr = 14.41, ECT = 81.5, gear = 4,tps = 0.5, map = 24,gx = -0.040, gy = 0.100, gz = 0.940
rpm = 3357, afr = 14.55, ECT = 81.6, gear = 4,tps = 0.5, map = 24,gx = -0.050, gy = 0.090, gz = 1.000
rpm = 3351, afr = 14.99, ECT = 81.6, gear = 4,tps = 0.5, map = 24,gx = -0.050, gy = 0.100, gz = 1.040
rpm = 3336, afr = 14.99, ECT = 81.6, gear = 4,tps = 0.5, map = 24,gx = -0.060, gy = 0.100, gz = 1.040
rpm = 3332, afr = 15.73, ECT = 81.6, gear = 4,tps = 0.5, map = 24,gx = -0.030, gy = 0.080, gz = 1.030
rpm = 3325, afr = 16.32, ECT = 81.6, gear = 4,tps = 0.5, map = 24,gx = -0.050, gy = 0.110, gz = 1.040
rpm = 3332, afr = 17.20, ECT = 81.7, gear = 4,tps = 0.5, map = 24,gx = -0.060, gy = 0.100, gz = 1.050
rpm = 3327, afr = 18.38, ECT = 81.7, gear = 4,tps = 0.5, map = 24,gx = -0.060, gy = 0.130, gz = 1.020
rpm = 3308, afr = 20.14, ECT = 81.7, gear = 4,tps = 0.5, map = 24,gx = -0.050, gy = 0.090, gz = 1.020
rpm = 3300, afr = 21.17, ECT = 81.7, gear = 4,tps = 0.5, map = 24,gx = -0.030, gy = 0.100, gz = 0.930
rpm = 3309, afr = 17.49, ECT = 81.7, gear = 4,tps = 0.5, map = 24,gx = -0.050, gy = 0.090, gz = 0.920
rpm = 3303, afr = 22.20, ECT = 81.7, gear = 4,tps = 0.5, map = 24,gx = -0.030, gy = 0.110, gz = 0.960
rpm = 3293, afr = 24.84, ECT = 81.7, gear = 4,tps = 0.5, map = 24,gx = -0.020, gy = 0.100, gz = 1.020
rpm = 3288, afr = 28.52, ECT = 81.7, gear = 4,tps = 0.5, map = 24,gx = -0.050, gy = 0.140, gz = 1.080
rpm = 3290, afr = 30.43, ECT = 81.8, gear = 4,tps = 0.5, map = 24,gx = -0.050, gy = 0.110, gz = 1.050
rpm = 3281, afr = 33.96, ECT = 81.8, gear = 4,tps = 0.5, map = 24,gx = -0.050, gy = 0.100, gz = 1.040
rpm = 3265, afr = 39.25, ECT = 81.8, gear = 4,tps = 0.5, map = 24,gx = -0.060, gy = 0.080, gz = 0.970
rpm = 3269, afr = 48.07, ECT = 81.8, gear = 4gx = -0.050, gy = 0.120, gz = 0.980
,tps = 0.5, map = 24,rpm = 3263, afr = 55.12, ECT = 81.8, gear = 4,tps = 0.5, map = 24,gx = -0.030, gy = 0.110, gz = 0.910
rpm = 3247, afr = 63.65, ECT = 81.8, gear = 4,tps = 0.5, map = 24,gx = -0.010, gy = 0.080, gz = 0.870
rpm = 3244, afr = 68.50, ECT = 81.8, gear = 4,tps = 0.5, map = 24,gx = -0.030, gy = 0.100, gz = 0.930
rpm = 3254, afr = 72.47, ECT = 81.8, gear = 4,tps = 0.5, map = 24,gx = -0.040, gy = 0.080, gz = 0.910
rpm = 3245, afr = 78.64, ECT = 81.8, gear = 4,tps = 0.5, map = 24,gx = -0.030, gy = 0.100, gz = 0.980
rpm = 3230, afr = 82.91, ECT = 81.8, gear = 4,tps = 0.5, map = 24,gx = -0.050, gy = 0.130, gz = 0.970
rpm = 3237, afr = 84.52, ECT = 81.8, gear = 4,tps = 0.5, map = 24,gx = -0.040, gy = 0.050, gz = 0.920
rpm = 3232, afr = 87.91, ECT = 81.9, gear = 4,tps = 0.5, map = 24,gx = -0.050, gy = 0.080, gz = 1.010
rpm = 3218, afr = 89.82, ECT = 81.9, gear = 4,tps = 0.5, map = 24,gx = -0.040, gy = 0.090, gz = 0.990
rpm = 3224, afr = 92.02, ECT = 81.9, gear = 4,tps = 0.5, map = 24,gx = -0.020, gy = 0.080, gz = 0.990
rpm = 3219, afr = 94.23, ECT = 81.9, gear = 4,tps = 0.5, map = 24,gx = -0.050, gy = 0.090, gz = 1.040
rpm = 3204, afr = 96.28, ECT = 81.9, gear = 4,tps = 0.5, map = 24,gx = -0.060, gy = 0.100, gz = 1.030
rpm = 3200, afr = 96.28, ECT = 81.9, gear = 4,tps = 0.5, map = 24,gx = -0.050, gy = 0.100, gz = 1.010
rpm = 3206, afr = 96.28, ECT = 81.9, gear = 4,tps = 0.5, map = 24,gx = -0.070, gy = 0.100, gz = 1.080
rpm = 3188, afr = 96.28, ECT = 81.9, gear = 4,tps = 0.5, map = 24,gx = -0.060, gy = 0.080, gz = 1.000
rpm = 3183, afr = 96.28, ECT = 81.9, gear = 4,tps = 0.5, map = 24,gx = -0.040, gy = 0.070, gz = 0.960
rpm = 3189, afr = 96.28, ECT = 81.9, gear = 4,tps = 0.5, map = 24,gx = -0.040, gy = 0.040, gz = 1.010
rpm = 3173, afr = 96.28, ECT = 81.9, gear = 4,tps = 0.5, map = 24,gx = -0.060, gy = 0.120, gz = 1.030
rpm = 3183, afr = 96.28, ECT = 81.9, gear = 4,tps = 0.5, map = 24,gx = -0.060, gy = 0.100, gz = 1.020
rpm = 3176, afr = 96.28, ECT = 81.9, gear = 4,tps = 0.5, map = 24,gx = -0.050, gy = 0.100, gz = 1.050
rpm = 3162, afr = 96.28, ECT = 81.9, gear = 4,tps = 0.5, map = 24,gx = -0.030, gy = 0.090, gz = 1.010
rpm = 3162, afr = 96.28, ECT = 81.9, gear = 4,tps = 0.5, map = 24,gx = -0.070, gy = 0.110, gz = 1.030
rpm = 3156, afr = 96.28, ECT = 81.9, gear = 4,tps = 0.5, map = 24,gx = -0.040, gy = 0.100, gz = 0.960
rpm = 3146, afr = 96.28, ECT = 81.9, gear = 4,tps = 0.5, map = 24,gx = 0.010, gy = 0.080, gz = 0.950
rpm = 3146, afr = 96.28, ECT = 81.9, gear = 4,tps = 0.5, map = 24,gx = -0.020, gy = 0.070, gz = 0.990
rpm = 3132, afr = 96.28, ECT = 81.9, gear = 4,tps = 0.5, map = 24,gx = -0.050, gy = 0.130, gz = 1.080
rpm = 3138, afr = 96.28, ECT = 81.9, gear = 4,tps = 0.5, map = 24,gx = -0.050, gy = 0.100, gz = 0.970
rpm = 3136, afr = 96.28, ECT = 81.9, gear = 4,tps = 0.5, map = 24,gx = -0.050, gy = 0.100, gz = 0.960
rpm = 3119, afr = 96.28, ECT = 81.9, gear = 4,tps = 0.5, map = 24,gx = -0.010, gy = 0.080, gz = 0.900
rpm = 3123, afr = 96.28, ECT = 81.9, gear = 4,tps = 0.5, map = 24,gx = -0.020, gy = 0.080, gz = 0.970
rpm = 3109, afr = 96.28, ECT = 81.9, gear = 4,tps = 0.5, map = 23,gx = -0.020, gy = 0.090, gz = 0.970
rpm = 3113, afr = 96.28, ECT = 81.9, gear = 4gx = -0.040, gy = 0.110, gz = 1.010
,tps = 0.5, map = 23,rpm = 3108, afr = 96.28, ECT = 81.9, gear = 4,tps = 0.5, map = 23,gx = -0.040, gy = 0.120, gz = 0.950
rpm = 3098, afr = 96.28, ECT = 81.9, gear = 4,tps = 0.5, map = 23,gx = -0.040, gy = 0.080, gz = 0.990
rpm = 3102, afr = 96.28, ECT = 81.9, gear = 4,tps = 0.5, map = 23,gx = -0.010, gy = 0.030, gz = 0.980
rpm = 3092, afr = 96.28, ECT = 81.9, gear = 4,tps = 0.5, map = 23,gx = -0.020, gy = 0.070, gz = 1.070
rpm = 3095, afr = 96.28, ECT = 81.9, gear = 4,tps = 0.5, map = 23,gx = -0.030, gy = 0.030, gz = 1.080
rpm = 3081, afr = 96.28, ECT = 81.8, gear = 4,tps = 0.5, map = 23,gx = -0.020, gy = 0.040, gz = 1.120
rpm = 3075, afr = 96.28, ECT = 81.9, gear = 4,tps = 0.5, map = 23,gx = -0.060, gy = 0.080, gz = 1.100
rpm = 3075, afr = 96.28, ECT = 81.8, gear = 4,tps = 0.5, map = 23,gx = -0.050, gy = 0.100, gz = 1.050
rpm = 3059, afr = 96.28, ECT = 81.9, gear = 4,tps = 0.5, map = 23,gx = -0.040, gy = 0.120, gz = 0.950
rpm = 3063, afr = 96.28, ECT = 81.9, gear = 4,tps = 0.5, map = 23,gx = -0.050, gy = 0.120, gz = 0.870
rpm = 3048, afr = 96.28, ECT = 81.9, gear = 4,tps = 0.5, map = 23,gx = -0.050, gy = 0.080, gz = 0.840
rpm = 3055, afr = 96.28, ECT = 81.8, gear = 4,tps = 0.5, map = 23,gx = -0.040, gy = 0.070, gz = 0.870
rpm = 3044, afr = 96.28, ECT = 81.8, gear = 4,tps = 0.5, map = 23,gx = -0.020, gy = 0.090, gz = 0.910
rpm = 3047, afr = 96.28, ECT = 81.8, gear = 4,tps = 0.5, map = 23,gx = -0.030, gy = 0.070, gz = 0.970
rpm = 3033, afr = 96.28, ECT = 81.8, gear = 4,tps = 0.5, map = 23,gx = -0.040, gy = 0.070, gz = 0.990
rpm = 3037, afr = 96.28, ECT = 81.8, gear = 4,tps = 0.5, map = 23,gx = -0.020, gy = 0.080, gz = 0.970
rpm = 3023, afr = 96.28, ECT = 81.8, gear = 4,tps = 0.5, map = 23,gx = -0.020, gy = 0.060, gz = 1.010
rpm = 3026, afr = 96.28, ECT = 81.8, gear = 4,tps = 0.5, map = 23,gx = -0.030, gy = 0.050, gz = 0.920
rpm = 3018, afr = 96.28, ECT = 81.8, gear = 4,tps = 0.5, map = 23,gx = -0.040, gy = 0.070, gz = 1.050
rpm = 2994, afr = 96.28, ECT = 81.8, gear = 4,tps = 0.5, map = 23,gx = 0.040, gy = 0.060, gz = 0.750
rpm = 3000, afr = 96.28, ECT = 81.8, gear = 4,tps = 0.5, map = 23,gx = -0.040, gy = 0.140, gz = 0.870
rpm = 2985, afr = 96.28, ECT = 81.8, gear = 4,tps = 0.5, map = 23,gx = 0.000, gy = 0.050, gz = 0.740
rpm = 2998, afr = 96.28, ECT = 81.8, gear = 4,tps = 0.5, map = 23,gx = -0.020, gy = 0.020, gz = 0.910
rpm = 3017, afr = 96.28, ECT = 81.8, gear = 4,tps = 0.6, map = 23,gx = -0.040, gy = 0.020, gz = 0.990
rpm = 2979, afr = 96.28, ECT = 81.7, gear = 4,tps = 0.6, map = 23,gx = -0.020, gy = 0.020, gz = 1.060
rpm = 2995, afr = 96.28, ECT = 81.7, gear = 4,tps = 0.6, map = 23,gx = -0.080, gy = 0.070, gz = 1.110
rpm = 2988, afr = 96.28, ECT = 81.7, gear = 4,tps = 0.5, map = 23,gx = -0.030, gy = 0.070, gz = 1.090
rpm = 2971, afr = 96.28, ECT = 81.7, gear = 4,tps = 0.5, map = 23,gx = -0.060, gy = 0.100, gz = 1.040
rpm = 2966, afr = 96.28, ECT = 81.7, gear = 4,tps = 0.5, map = 23,gx = -0.040, gy = 0.080, gz = 0.920
rpm = 2967, afr = 96.28, ECT = 81.7, gear = 4,tps = 0.6, map = 23,gx = -0.030, gy = 0.100, gz = 0.880
rpm = 2948, afr = 96.28, ECT = 81.8, gear = 4,tps = 0.8, map = 23,gx = -0.040, gy = 0.110, gz = 0.890
rpm = 2958, afr = 96.28, ECT = 81.7, gear = 4gx = -0.060, gy = 0.090, gz = 0.970
,tps = 2.6, map = 24,rpm = 2966, afr = 96.28, ECT = 81.7, gear = 4,tps = 6.0, map = 26,gx = -0.070, gy = 0.100, gz = 1.030
rpm = 2956, afr = 96.28, ECT = 81.9, gear = 4,tps = 7.2, map = 29,gx = -0.050, gy = 0.060, gz = 1.090
rpm = 2931, afr = 96.28, ECT = 81.7, gear = 4,tps = 7.3, map = 32,gx = -0.030, gy = 0.050, gz = 1.040
rpm = 2954, afr = 96.28, ECT = 81.8, gear = 4,tps = 7.3, map = 34,gx = -0.040, gy = 0.060, gz = 1.000
rpm = 2948, afr = 96.28, ECT = 81.8, gear = 4,tps = 7.5, map = 35,gx = -0.040, gy = 0.070, gz = 0.960
rpm = 2947, afr = 93.64, ECT = 81.7, gear = 4,tps = 7.5, map = 35,gx = -0.060, gy = 0.070, gz = 0.980
rpm = 2926, afr = 59.09, ECT = 81.8, gear = 4,tps = 7.6, map = 36,gx = -0.040, gy = 0.070, gz = 1.050
rpm = 2913, afr = 22.79, ECT = 81.7, gear = 4,tps = 7.7, map = 37,gx = -0.040, gy = 0.100, gz = 1.070
rpm = 2931, afr = 19.99, ECT = 81.8, gear = 4,tps = 7.8, map = 37,gx = -0.030, gy = 0.110, gz = 1.070
rpm = 2927, afr = 18.96, ECT = 81.7, gear = 4,tps = 7.9, map = 37,gx = -0.020, gy = 0.070, gz = 1.000
rpm = 2933, afr = 17.20, ECT = 81.7, gear = 4,tps = 8.1, map = 38,gx = -0.020, gy = 0.060, gz = 0.930
rpm = 2925, afr = 16.17, ECT = 81.7, gear = 4,tps = 8.2, map = 38,gx = -0.010, gy = 0.050, gz = 0.910
rpm = 2925, afr = 15.88, ECT = 81.7, gear = 4,tps = 8.3, map = 39,gx = -0.040, gy = 0.050, gz = 0.940
rpm = 2905, afr = 14.99, ECT = 81.7, gear = 4,tps = 8.5, map = 39,gx = -0.030, gy = 0.060, gz = 0.980
rpm = 2912, afr = 14.99, ECT = 81.7, gear = 4,tps = 8.6, map = 40,gx = -0.040, gy = 0.070, gz = 0.960
rpm = 2906, afr = 14.85, ECT = 81.7, gear = 4,tps = 8.7, map = 40,gx = -0.030, gy = 0.050, gz = 0.980
rpm = 2903, afr = 14.70, ECT = 81.7, gear = 4,tps = 8.8, map = 41,gx = -0.010, gy = 0.030, gz = 0.920
rpm = 2907, afr = 14.55, ECT = 81.7, gear = 4,tps = 8.9, map = 41,gx = -0.020, gy = 0.030, gz = 0.900
rpm = 2892, afr = 14.55, ECT = 81.7, gear = 4,tps = 8.9, map = 41,gx = -0.030, gy = 0.030, gz = 0.910
rpm = 2899, afr = 14.41, ECT = 81.7, gear = 4,tps = 8.9, map = 41,gx = -0.010, gy = 0.050, gz = 0.960
rpm = 2892, afr = 14.41, ECT = 81.7, gear = 4,tps = 8.9, map = 42,gx = 0.000, gy = 0.010, gz = 0.940
rpm = 2891, afr = 14.26, ECT = 81.7, gear = 4,tps = 9.0, map = 42,gx = 0.000, gy = -0.010, gz = 0.920
rpm = 2897, afr = 14.26, ECT = 81.7, gear = 4,tps = 9.0, map = 42,gx = -0.030, gy = 0.020, gz = 1.010
rpm = 2889, afr = 14.11, ECT = 81.6, gear = 4,tps = 9.0, map = 42,gx = -0.040, gy = 0.060, gz = 1.090
rpm = 2901, afr = 14.11, ECT = 81.6, gear = 4,tps = 9.0, map = 42,gx = -0.040, gy = 0.030, gz = 1.130
rpm = 2884, afr = 14.11, ECT = 81.6, gear = 4,tps = 9.0, map = 42,gx = -0.030, gy = 0.030, gz = 1.110
rpm = 2884, afr = 14.11, ECT = 81.6, gear = 4,tps = 9.0, map = 42,gx = -0.030, gy = 0.060, gz = 1.050
rpm = 2888, afr = 14.11, ECT = 81.6, gear = 4,tps = 9.0, map = 42,gx = -0.020, gy = 0.040, gz = 1.030
rpm = 2871, afr = 13.96, ECT = 81.6, gear = 4,tps = 9.0, map = 42,gx = -0.020, gy = 0.040, gz = 1.010
rpm = 2880, afr = 14.11, ECT = 81.6, gear = 4,tps = 9.0, map = 42,gx = 0.000, gy = 0.020, gz = 0.970
rpm = 2869, afr = 13.96, ECT = 81.6, gear = 4,tps = 9.0, map = 42,gx = 0.000, gy = 0.020, gz = 0.930
rpm = 2869, afr = 13.96, ECT = 81.6, gear = 4gx = -0.030, gy = 0.030, gz = 0.970
,tps = 9.0, map = 42,rpm = 2873, afr = 13.96, ECT = 81.5, gear = 4,tps = 9.0, map = 42,gx = -0.020, gy = 0.050, gz = 1.000
rpm = 2862, afr = 13.96, ECT = 81.6, gear = 4,tps = 9.0, map = 42,gx = -0.010, gy = 0.040, gz = 0.960
rpm = 2868, afr = 13.96, ECT = 81.6, gear = 4,tps = 9.0, map = 42,gx = -0.010, gy = 0.040, gz = 0.930
rpm = 2857, afr = 13.82, ECT = 81.5, gear = 4,tps = 9.0, map = 43,gx = -0.030, gy = 0.020, gz = 1.000
rpm = 2861, afr = 13.96, ECT = 81.5, gear = 4,tps = 9.0, map = 43,gx = -0.010, gy = 0.060, gz = 1.060
rpm = 2865, afr = 13.96, ECT = 81.5, gear = 4,tps = 9.0, map = 42,gx = 0.010, gy = 0.040, gz = 1.080
rpm = 2854, afr = 13.96, ECT = 81.5, gear = 4,tps = 9.0, map = 43,gx = 0.000, gy = 0.030, gz = 1.070
rpm = 2863, afr = 13.96, ECT = 81.5, gear = 4,tps = 9.0, map = 43,gx = -0.010, gy = 0.020, gz = 1.070
rpm = 2856, afr = 13.82, ECT = 81.4, gear = 4,tps = 4.8, map = 42,gx = -0.010, gy = 0.040, gz = 1.060
rpm = 2835, afr = 13.96, ECT = 81.4, gear = 4,tps = 0.7, map = 35,gx = 0.000, gy = 0.020, gz = 1.060
rpm = 2814, afr = 13.96, ECT = 81.5, gear = 4,tps = 0.5, map = 29,gx = 0.010, gy = 0.050, gz = 1.020
rpm = 2805, afr = 13.96, ECT = 81.4, gear = 4,tps = 0.6, map = 26,gx = -0.010, gy = 0.090, gz = 1.080
rpm = 2843, afr = 13.96, ECT = 81.4, gear = 4,tps = 0.6, map = 24,gx = 0.000, gy = 0.120, gz = 0.970
rpm = 2845, afr = 13.96, ECT = 81.4, gear = 4,tps = 0.6, map = 23,gx = 0.010, gy = 0.110, gz = 0.930
rpm = 2793, afr = 13.96, ECT = 81.4, gear = 4,tps = 0.6, map = 23,gx = 0.000, gy = 0.080, gz = 0.870
rpm = 2802, afr = 13.96, ECT = 81.4, gear = 4,tps = 0.6, map = 23,gx = 0.020, gy = 0.040, gz = 0.780
rpm = 2828, afr = 13.96, ECT = 81.4, gear = 4,tps = 0.9, map = 24,gx = -0.010, gy = 0.060, gz = 0.810
rpm = 2810, afr = 13.96, ECT = 81.4, gear = 4,tps = 2.8, map = 24,gx = -0.010, gy = 0.070, gz = 0.950
rpm = 2802, afr = 13.52, ECT = 81.4, gear = 4,tps = 5.9, map = 26,gx = 0.000, gy = 0.050, gz = 1.040
rpm = 2835, afr = 13.23, ECT = 81.7, gear = 4,tps = 8.6, map = 30,gx = 0.020, gy = 0.050, gz = 1.090
rpm = 2812, afr = 13.23, ECT = 81.5, gear = 4,tps = 9.3, map = 36,gx = 0.020, gy = 0.070, gz = 1.120
rpm = 2791, afr = 13.52, ECT = 81.4, gear = 4,tps = 9.4, map = 39,gx = 0.030, gy = 0.050, gz = 1.070
rpm = 2813, afr = 13.52, ECT = 81.4, gear = 4,tps = 9.5, map = 41,gx = 0.020, gy = 0.060, gz = 1.040
rpm = 2820, afr = 12.79, ECT = 81.4, gear = 4,tps = 9.5, map = 42,gx = 0.020, gy = 0.080, gz = 1.070
rpm = 2827, afr = 13.08, ECT = 81.4, gear = 4,tps = 9.6, map = 43,gx = 0.030, gy = 0.070, gz = 1.010
rpm = 2794, afr = 14.41, ECT = 81.4, gear = 4,tps = 9.6, map = 44,gx = 0.000, gy = 0.040, gz = 0.990
rpm = 2772, afr = 15.14, ECT = 81.4, gear = 4,tps = 9.6, map = 45,gx = 0.010, gy = 0.040, gz = 1.010
rpm = 2807, afr = 15.14, ECT = 81.4, gear = 4,tps = 9.6, map = 45,gx = 0.000, gy = 0.050, gz = 0.960
rpm = 2792, afr = 14.70, ECT = 81.4, gear = 4,tps = 9.6, map = 45,gx = -0.010, gy = 0.050, gz = 1.010
rpm = 2774, afr = 14.55, ECT = 81.4, gear = 4,tps = 9.6, map = 45,gx = -0.010, gy = 0.020, gz = 0.960
rpm = 2786, afr = 14.41, ECT = 81.4, gear = 4,tps = 9.6, map = 46,gx = -0.020, gy = 0.020, gz = 0.950
rpm = 2785, afr = 14.26, ECT = 81.4, gear = 4gx = -0.010, gy = 0.040, gz = 0.980
,tps = 9.6, map = 46,rpm = 2773, afr = 14.11, ECT = 81.4, gear = 4,tps = 9.6, map = 46,gx = -0.020, gy = 0.030, gz = 0.960
rpm = 2780, afr = 14.11, ECT = 81.4, gear = 4,tps = 9.6, map = 46,gx = 0.000, gy = 0.010, gz = 0.990
rpm = 2784, afr = 14.11, ECT = 81.4, gear = 4,tps = 9.6, map = 46,gx = -0.010, gy = 0.010, gz = 1.040
rpm = 2766, afr = 14.11, ECT = 81.4, gear = 4,tps = 9.6, map = 46,gx = -0.010, gy = 0.060, gz = 1.010
rpm = 2776, afr = 14.11, ECT = 81.4, gear = 4,tps = 9.6, map = 46,gx = 0.000, gy = 0.030, gz = 1.110
rpm = 2779, afr = 14.11, ECT = 81.4, gear = 4,tps = 9.6, map = 46,gx = 0.000, gy = 0.030, gz = 1.010
rpm = 2771, afr = 14.11, ECT = 81.4, gear = 4,tps = 9.6, map = 46,gx = 0.000, gy = 0.050, gz = 0.980
rpm = 2766, afr = 13.96, ECT = 81.4, gear = 4,tps = 9.6, map = 46,gx = -0.020, gy = 0.060, gz = 1.100
rpm = 2773, afr = 14.11, ECT = 81.4, gear = 4,tps = 9.7, map = 46,gx = 0.010, gy = 0.070, gz = 1.040
rpm = 2770, afr = 14.11, ECT = 81.3, gear = 4,tps = 9.7, map = 46,gx = 0.030, gy = 0.050, gz = 0.820
rpm = 2745, afr = 14.11, ECT = 81.3, gear = 4,tps = 9.7, map = 46,gx = 0.000, gy = 0.030, gz = 0.730
rpm = 2747, afr = 14.11, ECT = 81.4, gear = 4,tps = 9.7, map = 46,gx = 0.000, gy = 0.030, gz = 0.680
rpm = 2758, afr = 14.11, ECT = 81.3, gear = 4,tps = 9.7, map = 47,gx = -0.030, gy = 0.010, gz = 0.870
rpm = 2753, afr = 14.11, ECT = 81.3, gear = 4,tps = 9.7, map = 47,gx = -0.040, gy = 0.000, gz = 1.010
rpm = 2754, afr = 14.11, ECT = 81.3, gear = 4,tps = 9.7, map = 47,gx = -0.040, gy = 0.030, gz = 1.130
rpm = 2771, afr = 14.11, ECT = 81.3, gear = 4,tps = 9.7, map = 47,gx = -0.020, gy = -0.010, gz = 1.140
rpm = 2755, afr = 13.96, ECT = 81.3, gear = 4,tps = 9.7, map = 46,gx = -0.010, gy = 0.000, gz = 1.160
rpm = 2750, afr = 14.11, ECT = 81.3, gear = 4,tps = 9.7, map = 46,gx = -0.010, gy = 0.030, gz = 1.080
rpm = 2750, afr = 13.96, ECT = 81.3, gear = 4,tps = 9.7, map = 47,gx = 0.020, gy = 0.030, gz = 0.970
rpm = 2746, afr = 14.11, ECT = 81.3, gear = 4,tps = 9.7, map = 47,gx = 0.010, gy = 0.030, gz = 0.890
rpm = 2743, afr = 13.96, ECT = 81.3, gear = 4,tps = 9.7, map = 47,gx = 0.000, gy = 0.010, gz = 0.880
rpm = 2739, afr = 14.11, ECT = 81.3, gear = 4,tps = 9.7, map = 47,gx = 0.010, gy = 0.020, gz = 0.900
rpm = 2748, afr = 14.11, ECT = 81.3, gear = 4,tps = 9.7, map = 47,gx = -0.010, gy = 0.030, gz = 0.980
rpm = 2742, afr = 14.11, ECT = 81.3, gear = 4,tps = 9.7, map = 47,gx = 0.000, gy = 0.050, gz = 1.030
rpm = 2736, afr = 14.11, ECT = 81.3, gear = 4,tps = 9.7, map = 47,gx = 0.000, gy = 0.030, gz = 1.050
rpm = 2747, afr = 14.11, ECT = 81.3, gear = 4,tps = 9.7, map = 47,gx = -0.020, gy = 0.020, gz = 1.060
rpm = 2745, afr = 14.11, ECT = 81.3, gear = 4,tps = 9.7, map = 47,gx = -0.010, gy = 0.040, gz = 1.080
rpm = 2727, afr = 14.11, ECT = 81.3, gear = 4,tps = 9.7, map = 47,gx = 0.000, gy = 0.030, gz = 1.020
rpm = 2734, afr = 14.11, ECT = 81.3, gear = 4,tps = 9.7, map = 47,gx = 0.000, gy = 0.040, gz = 1.000
rpm = 2735, afr = 14.26, ECT = 81.3, gear = 4,tps = 9.7, map = 47,gx = 0.030, gy = 0.020, gz = 0.970
rpm = 2729, afr = 14.26, ECT = 81.3, gear = 4,tps = 9.7, map = 47,gx = 0.020, gy = 0.030, gz = 1.000
rpm = 2730, afr = 14.26, ECT = 81.3, gear = 4gx = 0.040, gy = 0.030, gz = 0.990
,tps = 9.7, map = 47,rpm = 2727, afr = 14.26, ECT = 81.3, gear = 4,tps = 9.7, map = 47,gx = 0.030, gy = 0.070, gz = 1.010
rpm = 2725, afr = 14.26, ECT = 81.3, gear = 4,tps = 9.7, map = 47,gx = 0.030, gy = 0.050, gz = 1.010
rpm = 2722, afr = 14.26, ECT = 81.3, gear = 4,tps = 9.7, map = 47,gx = 0.030, gy = 0.010, gz = 0.980
rpm = 2719, afr = 14.41, ECT = 81.3, gear = 4,tps = 9.7, map = 47,gx = 0.010, gy = -0.010, gz = 0.980
rpm = 2726, afr = 14.26, ECT = 81.3, gear = 4,tps = 9.7, map = 47,gx = 0.010, gy = 0.030, gz = 1.030
rpm = 2731, afr = 14.26, ECT = 81.3, gear = 4,tps = 9.7, map = 47,gx = 0.000, gy = 0.030, gz = 1.050
rpm = 2711, afr = 14.41, ECT = 81.3, gear = 4,tps = 9.7, map = 47,gx = -0.010, gy = 0.040, gz = 1.090
rpm = 2714, afr = 14.41, ECT = 81.2, gear = 4,tps = 9.7, map = 47,gx = 0.020, gy = 0.060, gz = 1.040
rpm = 2714, afr = 14.41, ECT = 81.3, gear = 4,tps = 9.7, map = 47,gx = 0.020, gy = 0.050, gz = 0.950
rpm = 2703, afr = 14.41, ECT = 81.2, gear = 4,tps = 9.7, map = 47,gx = 0.040, gy = 0.050, gz = 0.870
rpm = 2703, afr = 14.41, ECT = 81.3, gear = 4,tps = 9.7, map = 47,gx = 0.020, gy = 0.030, gz = 0.890
rpm = 2705, afr = 14.41, ECT = 81.2, gear = 4,tps = 9.7, map = 47,gx = 0.000, gy = 0.000, gz = 0.920
rpm = 2707, afr = 14.41, ECT = 81.3, gear = 4,tps = 9.7, map = 47,gx = 0.010, gy = -0.010, gz = 0.940
rpm = 2709, afr = 14.41, ECT = 81.2, gear = 4,tps = 9.7, map = 47,gx = 0.010, gy = 0.000, gz = 0.960
rpm = 2703, afr = 14.41, ECT = 81.3, gear = 4,tps = 9.7, map = 47,gx = 0.020, gy = 0.020, gz = 0.990
rpm = 2694, afr = 14.41, ECT = 81.1, gear = 4,tps = 5.3, map = 46,gx = 0.000, gy = 0.030, gz = 1.040
rpm = 2698, afr = 14.55, ECT = 81.1, gear = 4,tps = 0.7, map = 39,gx = -0.010, gy = 0.020, gz = 1.030
rpm = 2687, afr = 14.55, ECT = 81.3, gear = 4,tps = 0.5, map = 32,gx = -0.020, gy = 0.040, gz = 1.050
rpm = 2652, afr = 14.55, ECT = 81.2, gear = 4,tps = 0.6, map = 28,gx = -0.010, gy = 0.030, gz = 1.030
rpm = 2653, afr = 14.55, ECT = 81.2, gear = 4,tps = 0.6, map = 25,gx = -0.010, gy = 0.040, gz = 1.050
rpm = 2716, afr = 14.55, ECT = 81.2, gear = 4,tps = 0.6, map = 24,gx = -0.020, gy = 0.090, gz = 1.000
rpm = 2687, afr = 14.41, ECT = 81.2, gear = 4,tps = 0.6, map = 23,gx = -0.020, gy = 0.070, gz = 0.990
rpm = 2651, afr = 14.26, ECT = 81.2, gear = 4,tps = 0.6, map = 23,gx = -0.010, gy = 0.060, gz = 0.940
rpm = 2674, afr = 14.11, ECT = 81.2, gear = 4,tps = 0.5, map = 23,gx = -0.010, gy = 0.080, gz = 0.940
rpm = 2674, afr = 14.11, ECT = 81.2, gear = 4,tps = 0.6, map = 23,gx = 0.000, gy = 0.090, gz = 0.950
rpm = 2655, afr = 13.96, ECT = 81.2, gear = 4,tps = 0.8, map = 24,gx = -0.020, gy = 0.070, gz = 0.970
rpm = 2671, afr = 13.52, ECT = 81.2, gear = 4,tps = 2.8, map = 24,gx = -0.020, gy = 0.050, gz = 1.010
rpm = 2656, afr = 12.94, ECT = 81.2, gear = 4,tps = 5.2, map = 26,gx = -0.010, gy = 0.090, gz = 1.010
rpm = 2653, afr = 12.94, ECT = 81.2, gear = 4,tps = 5.6, map = 29,gx = -0.020, gy = 0.090, gz = 1.000
rpm = 2646, afr = 12.94, ECT = 81.2, gear = 4,tps = 5.6, map = 31,gx = -0.010, gy = 0.090, gz = 1.040
rpm = 2653, afr = 13.52, ECT = 81.2, gear = 4,tps = 5.7, map = 32,gx = -0.030, gy = 0.070, gz = 1.000
rpm = 2638, afr = 13.52, ECT = 81.2, gear = 4gx = -0.020, gy = 0.050, gz = 1.000
,tps = 5.7, map = 33,rpm = 2634, afr = 13.52, ECT = 81.2, gear = 4,tps = 5.7, map = 33,gx = -0.030, gy = 0.040, gz = 0.970
rpm = 2625, afr = 13.38, ECT = 81.2, gear = 4,tps = 5.7, map = 34,gx = -0.040, gy = 0.080, gz = 0.990
rpm = 2641, afr = 13.38, ECT = 81.2, gear = 4,tps = 5.7, map = 34,gx = -0.050, gy = 0.050, gz = 0.960
rpm = 2633, afr = 13.52, ECT = 81.2, gear = 4,tps = 5.8, map = 34,gx = -0.020, gy = 0.040, gz = 0.950
rpm = 2618, afr = 14.26, ECT = 81.2, gear = 4,tps = 5.7, map = 34,gx = -0.030, gy = -0.010, gz = 1.040
rpm = 2627, afr = 14.55, ECT = 81.2, gear = 4,tps = 5.7, map = 35,gx = -0.040, gy = -0.010, gz = 1.100
rpm = 2634, afr = 14.85, ECT = 81.2, gear = 4,tps = 5.8, map = 35,gx = -0.030, gy = 0.010, gz = 1.160
rpm = 2627, afr = 15.29, ECT = 81.2, gear = 4,tps = 5.8, map = 35,gx = -0.040, gy = 0.030, gz = 1.180
rpm = 2623, afr = 15.44, ECT = 81.2, gear = 4,tps = 5.8, map = 35,gx = -0.030, gy = 0.040, gz = 1.070
rpm = 2611, afr = 14.99, ECT = 81.2, gear = 4,tps = 5.8, map = 35,gx = -0.040, gy = 0.040, gz = 0.990
rpm = 2597, afr = 15.14, ECT = 81.2, gear = 4,tps = 5.7, map = 35,gx = -0.020, gy = 0.060, gz = 0.880
rpm = 2590, afr = 14.99, ECT = 81.2, gear = 4,tps = 5.8, map = 35,gx = -0.040, gy = 0.060, gz = 0.810
rpm = 2582, afr = 14.99, ECT = 81.2, gear = 4,tps = 5.8, map = 35,gx = -0.040, gy = 0.040, gz = 0.790
rpm = 2597, afr = 15.14, ECT = 81.2, gear = 4,tps = 5.8, map = 35,gx = -0.040, gy = 0.040, gz = 0.830
rpm = 2605, afr = 15.14, ECT = 81.2, gear = 4,tps = 5.7, map = 35,gx = -0.040, gy = 0.040, gz = 0.910
rpm = 2594, afr = 14.99, ECT = 81.2, gear = 4,tps = 5.8, map = 35,gx = -0.040, gy = 0.060, gz = 0.990
rpm = 2587, afr = 14.85, ECT = 81.2, gear = 4,tps = 5.8, map = 35,gx = -0.040, gy = 0.040, gz = 1.070
rpm = 2587, afr = 14.85, ECT = 81.2, gear = 4,tps = 5.8, map = 35,gx = -0.040, gy = 0.070, gz = 1.040
rpm = 2580, afr = 14.85, ECT = 81.2, gear = 4,tps = 5.8, map = 35,gx = -0.030, gy = 0.050, gz = 0.980
rpm = 2582, afr = 14.99, ECT = 81.2, gear = 4,tps = 5.7, map = 35,gx = -0.030, gy = 0.040, gz = 0.940
rpm = 2580, afr = 14.99, ECT = 81.2, gear = 4,tps = 5.8, map = 35,gx = -0.030, gy = 0.040, gz = 0.900
rpm = 2582, afr = 14.85, ECT = 81.2, gear = 4,tps = 5.8, map = 35,gx = -0.020, gy = 0.020, gz = 0.970
rpm = 2576, afr = 14.85, ECT = 81.2, gear = 4,tps = 5.7, map = 35,gx = -0.030, gy = 0.030, gz = 1.010
rpm = 2578, afr = 14.85, ECT = 81.2, gear = 4,tps = 5.7, map = 35,gx = -0.050, gy = 0.050, gz = 1.070
rpm = 2577, afr = 14.85, ECT = 81.2, gear = 4,tps = 5.7, map = 35,gx = -0.050, gy = 0.040, gz = 1.040
rpm = 2571, afr = 14.85, ECT = 81.2, gear = 4,tps = 5.8, map = 35,gx = -0.030, gy = 0.070, gz = 1.040
rpm = 2562, afr = 14.85, ECT = 81.2, gear = 4,tps = 5.7, map = 35,gx = -0.020, gy = 0.040, gz = 1.000
rpm = 2559, afr = 14.85, ECT = 81.2, gear = 4,tps = 5.8, map = 35,gx = -0.020, gy = 0.050, gz = 1.010
rpm = 2555, afr = 14.85, ECT = 81.2, gear = 4,tps = 5.8, map = 35,gx = -0.020, gy = 0.070, gz = 1.040
rpm = 2566, afr = 14.85, ECT = 81.2, gear = 4,tps = 5.8, map = 35,gx = -0.020, gy = 0.070, gz = 1.000
rpm = 2558, afr = 14.85, ECT = 81.2, gear = 4,tps = 5.7, map = 35,gx = -0.030, gy = 0.080, gz = 0.990
rpm = 2553, afr = 15.14, ECT = 81.2, gear = 4gx = -0.020, gy = 0.070, gz = 0.980
,tps = 5.8, map = 35,rpm = 2546, afr = 14.85, ECT = 81.2, gear = 4,tps = 5.8, map = 35,gx = 0.000, gy = 0.060, gz = 1.020
rpm = 2538, afr = 14.85, ECT = 81.2, gear = 4,tps = 5.7, map = 35,gx = -0.010, gy = 0.040, gz = 1.020
rpm = 2540, afr = 14.85, ECT = 81.2, gear = 4,tps = 5.7, map = 35,gx = -0.020, gy = 0.040, gz = 1.020
rpm = 2541, afr = 14.85, ECT = 81.2, gear = 4,tps = 5.7, map = 35,gx = -0.030, gy = 0.040, gz = 1.040
rpm = 2543, afr = 14.85, ECT = 81.2, gear = 4,tps = 5.7, map = 35,gx = -0.030, gy = 0.070, gz = 1.070
rpm = 2547, afr = 14.85, ECT = 81.2, gear = 4,tps = 5.8, map = 36,gx = -0.010, gy = 0.060, gz = 1.030
rpm = 2539, afr = 14.85, ECT = 81.2, gear = 4,tps = 5.7, map = 35,gx = -0.010, gy = 0.050, gz = 1.000
rpm = 2532, afr = 14.85, ECT = 81.2, gear = 4,tps = 5.7, map = 35,gx = 0.000, gy = 0.060, gz = 0.970
rpm = 2516, afr = 14.85, ECT = 81.2, gear = 4,tps = 5.7, map = 36,gx = -0.010, gy = 0.050, gz = 0.920
rpm = 2505, afr = 14.70, ECT = 81.1, gear = 4,tps = 5.7, map = 36,gx = -0.030, gy = 0.050, gz = 0.960
rpm = 2503, afr = 14.70, ECT = 81.2, gear = 4,tps = 5.7, map = 36,gx = -0.040, gy = 0.080, gz = 1.010
rpm = 2516, afr = 14.85, ECT = 81.1, gear = 4,tps = 5.8, map = 36,gx = -0.070, gy = 0.100, gz = 1.100
rpm = 2532, afr = 14.85, ECT = 81.2, gear = 4,tps = 5.8, map = 36,gx = -0.040, gy = 0.050, gz = 1.140
rpm = 2522, afr = 14.85, ECT = 81.1, gear = 4,tps = 5.8, map = 36,gx = 0.000, gy = 0.060, gz = 1.040
rpm = 2519, afr = 14.85, ECT = 81.1, gear = 4,tps = 5.8, map = 36,gx = 0.010, gy = 0.060, gz = 0.960
rpm = 2509, afr = 14.70, ECT = 81.1, gear = 4,tps = 5.8, map = 36,gx = 0.010, gy = 0.020, gz = 0.910
rpm = 2489, afr = 14.85, ECT = 81.1, gear = 4,tps = 5.8, map = 36,gx = -0.020, gy = 0.040, gz = 0.920
rpm = 2468, afr = 14.70, ECT = 81.1, gear = 4,tps = 5.7, map = 36,gx = -0.010, gy = 0.020, gz = 0.950
rpm = 2474, afr = 14.85, ECT = 81.1, gear = 4,tps = 5.8, map = 36,gx = 0.010, gy = 0.000, gz = 0.860
rpm = 2494, afr = 14.70, ECT = 81.1, gear = 4,tps = 5.8, map = 36,gx = 0.020, gy = 0.010, gz = 0.810
rpm = 2492, afr = 14.70, ECT = 81.1, gear = 4,tps = 5.8, map = 36,gx = 0.000, gy = 0.020, gz = 0.840
rpm = 2489, afr = 14.70, ECT = 81.1, gear = 4,tps = 5.8, map = 36,gx = -0.030, gy = 0.030, gz = 0.840
rpm = 2484, afr = 14.70, ECT = 81.1, gear = 4,tps = 5.8, map = 36,gx = -0.030, gy = 0.030, gz = 0.880
rpm = 2475, afr = 14.70, ECT = 81.1, gear = 4,tps = 5.8, map = 36,gx = -0.030, gy = 0.020, gz = 0.990
rpm = 2467, afr = 14.85, ECT = 81.1, gear = 4,tps = 5.8, map = 37,gx = -0.040, gy = 0.040, gz = 1.140
rpm = 2471, afr = 14.70, ECT = 81.1, gear = 4,tps = 5.8, map = 37,gx = -0.020, gy = 0.070, gz = 1.110
rpm = 2487, afr = 14.70, ECT = 81.1, gear = 4,tps = 5.8, map = 37,gx = -0.020, gy = 0.090, gz = 1.080
rpm = 2496, afr = 14.55, ECT = 81.1, gear = 4,tps = 5.7, map = 36,gx = -0.010, gy = 0.050, gz = 1.020
rpm = 2488, afr = 14.70, ECT = 81.1, gear = 4,tps = 5.8, map = 36,gx = -0.020, gy = 0.050, gz = 0.950
rpm = 2475, afr = 14.70, ECT = 81.1, gear = 4,tps = 5.8, map = 36,gx = -0.020, gy = 0.040, gz = 0.910
rpm = 2461, afr = 14.70, ECT = 81.1, gear = 4,tps = 5.8, map = 36,gx = -0.030, gy = 0.050, gz = 0.880
rpm = 2452, afr = 14.70, ECT = 81.1, gear = 4gx = -0.040, gy = 0.030, gz = 0.950
,tps = 5.8, map = 37,rpm = 2442, afr = 14.70, ECT = 81.1, gear = 4,tps = 5.7, map = 37,gx = -0.040, gy = 0.020, gz = 0.950
rpm = 2442, afr = 14.55, ECT = 81.1, gear = 4,tps = 5.8, map = 37,gx = -0.080, gy = 0.020, gz = 1.020
rpm = 2457, afr = 14.70, ECT = 81.1, gear = 4,tps = 5.8, map = 37,gx = -0.040, gy = 0.040, gz = 1.070
rpm = 2461, afr = 14.70, ECT = 81.1, gear = 4,tps = 5.8, map = 37,gx = -0.040, gy = 0.070, gz = 1.080
rpm = 2466, afr = 14.70, ECT = 81.1, gear = 4,tps = 5.9, map = 37,gx = -0.040, gy = 0.060, gz = 1.040
rpm = 2461, afr = 14.70, ECT = 81.1, gear = 4,tps = 6.0, map = 37,gx = -0.050, gy = 0.050, gz = 0.990
rpm = 2452, afr = 14.70, ECT = 81.1, gear = 4,tps = 6.0, map = 37,gx = -0.030, gy = 0.040, gz = 0.970
rpm = 2430, afr = 14.70, ECT = 81.1, gear = 4,tps = 6.0, map = 37,gx = -0.040, gy = 0.000, gz = 0.940
rpm = 2422, afr = 14.55, ECT = 81.1, gear = 4,tps = 6.0, map = 38,gx = -0.050, gy = 0.020, gz = 0.980
rpm = 2425, afr = 14.70, ECT = 81.1, gear = 4,tps = 6.0, map = 38,gx = -0.050, gy = 0.010, gz = 0.950
rpm = 2429, afr = 14.55, ECT = 81.1, gear = 4,tps = 6.0, map = 38,gx = -0.050, gy = 0.040, gz = 0.980
rpm = 2437, afr = 14.55, ECT = 81.1, gear = 4,tps = 6.0, map = 38,gx = -0.030, gy = 0.060, gz = 0.970
rpm = 2437, afr = 14.55, ECT = 81.1, gear = 4,tps = 6.0, map = 38,gx = -0.050, gy = 0.060, gz = 0.970
rpm = 2433, afr = 14.55, ECT = 81.1, gear = 4,tps = 6.1, map = 38,gx = -0.050, gy = 0.070, gz = 1.040
rpm = 2438, afr = 14.70, ECT = 81.1, gear = 4,tps = 6.0, map = 38,gx = -0.030, gy = 0.060, gz = 1.050
rpm = 2435, afr = 14.55, ECT = 81.1, gear = 4,tps = 6.0, map = 38,gx = -0.050, gy = 0.060, gz = 1.110
rpm = 2435, afr = 14.41, ECT = 81.1, gear = 4,tps = 6.1, map = 38,gx = -0.050, gy = 0.050, gz = 1.090
rpm = 2433, afr = 14.41, ECT = 81.0, gear = 4,tps = 6.1, map = 38,gx = -0.050, gy = 0.030, gz = 1.080
rpm = 2415, afr = 14.41, ECT = 81.1, gear = 4,tps = 6.0, map = 38,gx = -0.020, gy = 0.020, gz = 0.990
rpm = 2412, afr = 14.41, ECT = 81.0, gear = 4,tps = 6.0, map = 38,gx = -0.040, gy = 0.030, gz = 0.950
rpm = 2413, afr = 14.26, ECT = 81.1, gear = 4,tps = 6.0, map = 38,gx = -0.040, gy = 0.050, gz = 0.880
rpm = 2409, afr = 14.41, ECT = 81.1, gear = 4,tps = 6.0, map = 39,gx = -0.050, gy = 0.040, gz = 0.900
rpm = 2406, afr = 14.26, ECT = 81.1, gear = 4,tps = 6.0, map = 39,gx = -0.030, gy = 0.030, gz = 0.900
rpm = 2409, afr = 14.26, ECT = 81.1, gear = 4,tps = 6.0, map = 39,gx = -0.030, gy = 0.030, gz = 0.890
rpm = 2403, afr = 14.41, ECT = 81.1, gear = 4,tps = 6.0, map = 39,gx = -0.050, gy = 0.030, gz = 0.880
rpm = 2397, afr = 14.26, ECT = 81.1, gear = 4,tps = 6.0, map = 39,gx = -0.040, gy = 0.040, gz = 0.930
rpm = 2401, afr = 14.11, ECT = 81.1, gear = 4,tps = 6.0, map = 39,gx = -0.060, gy = 0.040, gz = 0.930
rpm = 2400, afr = 14.11, ECT = 81.1, gear = 4,tps = 6.0, map = 39,gx = -0.060, gy = 0.040, gz = 1.030
rpm = 2401, afr = 14.11, ECT = 81.1, gear = 4,tps = 6.0, map = 39,gx = -0.050, gy = 0.060, gz = 1.010
rpm = 2395, afr = 14.11, ECT = 81.1, gear = 4,tps = 6.0, map = 39,gx = -0.060, gy = 0.070, gz = 0.960
rpm = 2404, afr = 14.11, ECT = 81.1, gear = 4,tps = 6.0, map = 39,gx = -0.040, gy = 0.050, gz = 0.930
rpm = 2394, afr = 14.11, ECT = 81.1, gear = 4gx = -0.050, gy = 0.030, gz = 0.930
,tps = 6.0, map = 39,rpm = 2388, afr = 14.26, ECT = 81.1, gear = 4,tps = 6.0, map = 39,gx = -0.070, gy = 0.020, gz = 1.020
rpm = 2375, afr = 14.11, ECT = 81.1, gear = 4,tps = 6.0, map = 39,gx = -0.060, gy = 0.000, gz = 1.040
rpm = 2387, afr = 14.11, ECT = 81.0, gear = 4,tps = 6.0, map = 39,gx = -0.050, gy = 0.020, gz = 0.980
rpm = 2388, afr = 14.11, ECT = 81.0, gear = 4,tps = 6.0, map = 39,gx = -0.060, gy = 0.030, gz = 0.970
rpm = 2392, afr = 14.11, ECT = 81.1, gear = 4,tps = 6.1, map = 39,gx = -0.060, gy = 0.070, gz = 0.930
rpm = 2394, afr = 13.96, ECT = 81.0, gear = 4,tps = 6.1, map = 39,gx = -0.060, gy = 0.050, gz = 0.970
rpm = 2382, afr = 13.96, ECT = 81.0, gear = 4,tps = 6.1, map = 39,gx = -0.070, gy = 0.000, gz = 1.040
rpm = 2379, afr = 13.96, ECT = 81.0, gear = 4,tps = 6.1, map = 39,gx = -0.060, gy = 0.020, gz = 1.070
rpm = 2381, afr = 14.11, ECT = 81.0, gear = 4,tps = 6.1, map = 39,gx = -0.060, gy = 0.000, gz = 1.070
rpm = 2381, afr = 14.11, ECT = 81.0, gear = 4,tps = 6.1, map = 39,gx = -0.040, gy = 0.040, gz = 0.990
rpm = 2372, afr = 14.11, ECT = 81.0, gear = 4,tps = 6.1, map = 39,gx = -0.060, gy = 0.030, gz = 0.920
rpm = 2365, afr = 14.11, ECT = 81.0, gear = 4,tps = 6.1, map = 39,gx = -0.070, gy = 0.040, gz = 0.930
rpm = 2355, afr = 14.11, ECT = 81.0, gear = 4,tps = 6.1, map = 39,gx = -0.060, gy = 0.030, gz = 0.910
rpm = 2360, afr = 13.96, ECT = 81.0, gear = 4,tps = 6.1, map = 39,gx = -0.060, gy = 0.040, gz = 1.010
rpm = 2358, afr = 13.96, ECT = 81.0, gear = 4,tps = 6.1, map = 40,gx = -0.050, gy = 0.040, gz = 1.070
rpm = 2362, afr = 13.82, ECT = 81.0, gear = 4,tps = 6.1, map = 40,gx = -0.050, gy = 0.080, gz = 1.090
rpm = 2372, afr = 13.82, ECT = 81.0, gear = 4,tps = 6.1, map = 40,gx = -0.050, gy = 0.060, gz = 1.080
rpm = 2374, afr = 13.96, ECT = 81.1, gear = 4,tps = 6.1, map = 39,gx = -0.070, gy = 0.030, gz = 1.060
rpm = 2355, afr = 13.96, ECT = 81.1, gear = 4,tps = 6.0, map = 39,gx = -0.070, gy = -0.020, gz = 1.030
rpm = 2337, afr = 13.96, ECT = 81.0, gear = 4,tps = 6.0, map = 40,gx = -0.080, gy = 0.020, gz = 1.080
rpm = 2334, afr = 13.82, ECT = 81.0, gear = 4,tps = 6.0, map = 40,gx = -0.060, gy = 0.050, gz = 1.040
rpm = 2350, afr = 13.96, ECT = 81.0, gear = 4,tps = 6.0, map = 40,gx = -0.060, gy = 0.030, gz = 0.920
rpm = 2352, afr = 13.82, ECT = 81.0, gear = 4,tps = 6.1, map = 40,gx = -0.060, gy = 0.040, gz = 0.890
rpm = 2353, afr = 13.96, ECT = 81.0, gear = 4,tps = 6.1, map = 40,gx = -0.030, gy = 0.060, gz = 0.900
rpm = 2341, afr = 13.82, ECT = 81.0, gear = 4,tps = 6.1, map = 40,gx = -0.050, gy = 0.050, gz = 0.960
rpm = 2340, afr = 13.82, ECT = 81.0, gear = 4,tps = 6.1, map = 40,gx = -0.040, gy = 0.040, gz = 1.040
rpm = 2337, afr = 13.96, ECT = 81.0, gear = 4,tps = 6.1, map = 40,gx = -0.030, gy = 0.030, gz = 1.040
rpm = 2344, afr = 13.82, ECT = 81.0, gear = 4,tps = 6.1, map = 40,gx = -0.050, gy = 0.030, gz = 1.060
rpm = 2345, afr = 13.82, ECT = 81.0, gear = 4,tps = 6.1, map = 40,gx = -0.050, gy = 0.040, gz = 1.040
rpm = 2344, afr = 13.82, ECT = 81.0, gear = 4,tps = 6.1, map = 40,gx = -0.050, gy = 0.050, gz = 0.980
rpm = 2337, afr = 13.82, ECT = 81.0, gear = 4,tps = 6.0, map = 40,gx = -0.070, gy = 0.040, gz = 0.930
rpm = 2328, afr = 13.82, ECT = 81.0, gear = 4gx = -0.070, gy = 0.030, gz = 0.890
,tps = 6.1, map = 40,rpm = 2322, afr = 13.96, ECT = 81.1, gear = 4,tps = 6.1, map = 40,gx = -0.060, gy = 0.030, gz = 0.850
rpm = 2319, afr = 13.96, ECT = 81.0, gear = 4,tps = 6.1, map = 40,gx = -0.060, gy = 0.050, gz = 0.870
rpm = 2319, afr = 13.82, ECT = 81.0, gear = 4,tps = 6.1, map = 40,gx = -0.060, gy = 0.020, gz = 0.920
rpm = 2324, afr = 13.82, ECT = 81.0, gear = 4,tps = 6.1, map = 40,gx = -0.040, gy = 0.020, gz = 1.020
rpm = 2327, afr = 13.82, ECT = 81.0, gear = 4,tps = 6.1, map = 40,gx = -0.040, gy = 0.030, gz = 1.100
rpm = 2333, afr = 13.82, ECT = 81.0, gear = 4,tps = 6.0, map = 40,gx = -0.040, gy = 0.060, gz = 1.080
rpm = 2325, afr = 13.82, ECT = 81.0, gear = 4,tps = 6.1, map = 40,gx = -0.030, gy = 0.060, gz = 1.030
rpm = 2316, afr = 13.82, ECT = 81.0, gear = 4,tps = 6.1, map = 40,gx = -0.050, gy = 0.040, gz = 1.020
rpm = 2310, afr = 13.82, ECT = 81.0, gear = 4,tps = 6.1, map = 40,gx = -0.040, gy = 0.040, gz = 1.000
rpm = 2319, afr = 13.82, ECT = 81.0, gear = 4,tps = 6.1, map = 40,gx = -0.050, gy = 0.040, gz = 0.980
rpm = 2313, afr = 13.82, ECT = 81.0, gear = 4,tps = 6.1, map = 40,gx = -0.050, gy = 0.040, gz = 1.010
rpm = 2318, afr = 13.82, ECT = 81.0, gear = 4,tps = 6.1, map = 40,gx = -0.060, gy = 0.040, gz = 1.050
rpm = 2323, afr = 13.82, ECT = 81.0, gear = 4,tps = 6.0, map = 40,gx = -0.050, gy = 0.060, gz = 1.070
rpm = 2325, afr = 13.82, ECT = 81.0, gear = 4,tps = 6.0, map = 40,gx = -0.060, gy = 0.040, gz = 1.070
rpm = 2302, afr = 13.82, ECT = 81.1, gear = 4,tps = 6.0, map = 40,gx = -0.050, gy = 0.030, gz = 1.010
rpm = 2300, afr = 13.82, ECT = 81.0, gear = 4,tps = 6.0, map = 41,gx = -0.050, gy = 0.050, gz = 0.950
rpm = 2298, afr = 13.82, ECT = 81.0, gear = 4,tps = 6.1, map = 41,gx = -0.050, gy = 0.060, gz = 0.900
rpm = 2302, afr = 13.82, ECT = 81.0, gear = 4,tps = 6.0, map = 41,gx = -0.040, gy = 0.060, gz = 0.930
rpm = 2296, afr = 13.96, ECT = 81.0, gear = 4,tps = 6.1, map = 41,gx = -0.040, gy = 0.040, gz = 0.940
rpm = 2301, afr = 13.82, ECT = 81.0, gear = 4,tps = 6.0, map = 41,gx = -0.050, gy = 0.040, gz = 0.990
rpm = 2304, afr = 13.96, ECT = 81.1, gear = 4,tps = 6.0, map = 41,gx = -0.050, gy = 0.040, gz = 1.040
rpm = 2293, afr = 13.96, ECT = 81.0, gear = 4,tps = 6.1, map = 41,gx = -0.040, gy = 0.060, gz = 1.000
rpm = 2298, afr = 13.96, ECT = 81.0, gear = 4,tps = 6.1, map = 41,gx = -0.040, gy = 0.060, gz = 0.970
rpm = 2287, afr = 13.96, ECT = 81.0, gear = 4,tps = 6.1, map = 41,gx = -0.050, gy = 0.020, gz = 0.950
rpm = 2273, afr = 13.96, ECT = 81.0, gear = 4,tps = 6.0, map = 41,gx = -0.060, gy = 0.010, gz = 0.950
rpm = 2281, afr = 13.96, ECT = 81.0, gear = 4,tps = 6.1, map = 41,gx = -0.060, gy = 0.080, gz = 1.010
rpm = 2296, afr = 13.96, ECT = 81.1, gear = 4,tps = 6.0, map = 41,gx = -0.040, gy = 0.070, gz = 1.140
rpm = 2310, afr = 13.96, ECT = 81.1, gear = 4,tps = 6.1, map = 41,gx = -0.040, gy = 0.060, gz = 1.110
rpm = 2309, afr = 14.11, ECT = 81.0, gear = 4,tps = 6.0, map = 41,gx = -0.040, gy = 0.050, gz = 1.030
rpm = 2289, afr = 14.11, ECT = 81.0, gear = 4,tps = 6.1, map = 41,gx = -0.050, gy = 0.060, gz = 1.010
rpm = 2266, afr = 14.26, ECT = 81.1, gear = 4,tps = 6.0, map = 41,gx = -0.030, gy = 0.020, gz = 0.920
rpm = 2268, afr = 14.11, ECT = 81.0, gear = 4gx = -0.040, gy = 0.030, gz = 0.860
,tps = 6.0, map = 41,rpm = 2271, afr = 14.11, ECT = 81.1, gear = 4,tps = 6.0, map = 41,gx = -0.050, gy = 0.040, gz = 0.890
rpm = 2279, afr = 13.96, ECT = 81.0, gear = 4,tps = 6.1, map = 41,gx = -0.050, gy = 0.020, gz = 0.970
rpm = 2284, afr = 14.11, ECT = 81.1, gear = 4,tps = 6.1, map = 41,gx = -0.030, gy = 0.020, gz = 1.060
rpm = 2274, afr = 14.11, ECT = 81.1, gear = 4,tps = 6.0, map = 41,gx = -0.050, gy = 0.010, gz = 1.140
rpm = 2271, afr = 14.26, ECT = 81.1, gear = 4,tps = 6.0, map = 41,gx = -0.040, gy = 0.010, gz = 1.130
rpm = 2276, afr = 14.41, ECT = 81.1, gear = 4,tps = 6.0, map = 41,gx = -0.030, gy = 0.040, gz = 1.000
rpm = 2269, afr = 14.41, ECT = 81.1, gear = 4,tps = 6.0, map = 41,gx = -0.030, gy = 0.080, gz = 0.890
rpm = 2260, afr = 14.41, ECT = 81.1, gear = 4,tps = 6.0, map = 41,gx = -0.010, gy = 0.090, gz = 0.930
rpm = 2245, afr = 14.26, ECT = 81.0, gear = 4,tps = 6.0, map = 41,gx = -0.040, gy = 0.080, gz = 0.830
rpm = 2253, afr = 14.26, ECT = 81.0, gear = 4,tps = 6.0, map = 42,gx = -0.020, gy = 0.030, gz = 0.800
rpm = 2267, afr = 14.41, ECT = 81.0, gear = 4,tps = 6.1, map = 42,gx = -0.050, gy = 0.050, gz = 0.940
rpm = 2270, afr = 14.41, ECT = 81.1, gear = 4,tps = 6.1, map = 42,gx = -0.040, gy = 0.040, gz = 1.060
rpm = 2262, afr = 14.41, ECT = 81.0, gear = 4,tps = 6.1, map = 42,gx = -0.030, gy = 0.010, gz = 1.000
rpm = 2258, afr = 14.55, ECT = 81.0, gear = 4,tps = 6.1, map = 42,gx = -0.040, gy = 0.060, gz = 1.080
rpm = 2254, afr = 14.26, ECT = 81.0, gear = 4,tps = 6.1, map = 42,gx = -0.040, gy = 0.060, gz = 1.060
rpm = 2260, afr = 14.26, ECT = 81.0, gear = 4,tps = 6.1, map = 42,gx = -0.030, gy = 0.030, gz = 0.980
rpm = 2255, afr = 14.11, ECT = 81.1, gear = 4,tps = 6.1, map = 42,gx = -0.020, gy = 0.020, gz = 0.930
rpm = 2245, afr = 14.11, ECT = 81.1, gear = 4,tps = 6.1, map = 42,gx = -0.040, gy = 0.040, gz = 0.950
rpm = 2252, afr = 14.11, ECT = 81.0, gear = 4,tps = 6.1, map = 42,gx = -0.030, gy = 0.060, gz = 0.970
rpm = 2249, afr = 14.26, ECT = 81.0, gear = 4,tps = 6.1, map = 42,gx = -0.030, gy = 0.070, gz = 0.970
rpm = 2251, afr = 14.41, ECT = 81.0, gear = 4,tps = 6.1, map = 42,gx = -0.030, gy = 0.050, gz = 0.960
rpm = 2245, afr = 14.55, ECT = 81.0, gear = 4,tps = 6.1, map = 42,gx = -0.050, gy = 0.050, gz = 1.030
rpm = 2242, afr = 14.55, ECT = 81.1, gear = 4,tps = 6.1, map = 42,gx = -0.020, gy = 0.030, gz = 1.020
rpm = 2237, afr = 14.85, ECT = 81.1, gear = 4,tps = 6.1, map = 42,gx = -0.020, gy = 0.050, gz = 1.000
rpm = 2240, afr = 15.14, ECT = 81.1, gear = 4,tps = 6.1, map = 42,gx = -0.030, gy = 0.030, gz = 0.990
rpm = 2238, afr = 15.29, ECT = 81.0, gear = 4,tps = 6.1, map = 42,gx = -0.020, gy = 0.000, gz = 0.990
rpm = 2252, afr = 15.44, ECT = 81.0, gear = 4,tps = 6.1, map = 42,gx = -0.020, gy = 0.010, gz = 0.970
rpm = 2254, afr = 15.44, ECT = 81.0, gear = 4,tps = 6.1, map = 42,gx = -0.040, gy = 0.030, gz = 1.040
rpm = 2248, afr = 15.44, ECT = 81.1, gear = 4,tps = 6.0, map = 42,gx = -0.030, gy = 0.040, gz = 1.010
rpm = 2238, afr = 15.29, ECT = 81.1, gear = 4,tps = 6.0, map = 42,gx = -0.030, gy = 0.040, gz = 1.010
rpm = 2228, afr = 15.29, ECT = 81.1, gear = 4,tps = 6.1, map = 42,gx = -0.040, gy = 0.050, gz = 1.020
rpm = 2234, afr = 15.14, ECT = 81.1, gear = 4gx = -0.050, gy = 0.030, gz = 0.980
,tps = 6.0, map = 42,rpm = 2238, afr = 14.99, ECT = 81.1, gear = 4,tps = 6.0, map = 42,gx = -0.030, gy = 0.030, gz = 1.040
rpm = 2226, afr = 14.85, ECT = 81.1, gear = 4,tps = 6.1, map = 42,gx = -0.030, gy = 0.020, gz = 1.050
rpm = 2228, afr = 14.70, ECT = 81.1, gear = 4,tps = 6.1, map = 42,gx = -0.050, gy = -0.010, gz = 0.970
rpm = 2228, afr = 14.55, ECT = 81.1, gear = 4,tps = 6.0, map = 42,gx = -0.060, gy = 0.020, gz = 0.940
rpm = 2227, afr = 14.41, ECT = 81.1, gear = 4,tps = 6.1, map = 42,gx = -0.050, gy = 0.040, gz = 0.920
rpm = 2213, afr = 14.41, ECT = 81.0, gear = 4,tps = 6.1, map = 42,gx = -0.050, gy = 0.020, gz = 0.940
rpm = 2224, afr = 14.11, ECT = 81.1, gear = 4,tps = 6.0, map = 42,gx = -0.020, gy = 0.030, gz = 0.930
rpm = 2228, afr = 14.11, ECT = 81.1, gear = 4,tps = 6.1, map = 42,gx = -0.040, gy = 0.040, gz = 0.990
rpm = 2218, afr = 14.11, ECT = 81.1, gear = 4,tps = 6.1, map = 42,gx = -0.020, gy = 0.050, gz = 1.080
rpm = 2225, afr = 14.26, ECT = 81.1, gear = 4,tps = 6.1, map = 42,gx = -0.030, gy = 0.060, gz = 1.100
rpm = 2219, afr = 14.41, ECT = 81.1, gear = 4,tps = 6.1, map = 42,gx = -0.010, gy = 0.030, gz = 1.030
rpm = 2225, afr = 14.41, ECT = 81.1, gear = 4,tps = 6.0, map = 42,gx = -0.030, gy = 0.050, gz = 1.030
rpm = 2222, afr = 14.41, ECT = 81.1, gear = 4,tps = 6.1, map = 43,gx = -0.040, gy = 0.050, gz = 0.970
rpm = 2217, afr = 14.26, ECT = 81.1, gear = 4,tps = 6.0, map = 42,gx = -0.040, gy = 0.020, gz = 0.950
rpm = 2204, afr = 14.26, ECT = 81.1, gear = 4,tps = 6.0, map = 42,gx = -0.040, gy = 0.000, gz = 0.900
rpm = 2204, afr = 14.26, ECT = 81.1, gear = 4,tps = 6.0, map = 43,gx = -0.060, gy = -0.010, gz = 0.860
rpm = 2206, afr = 14.41, ECT = 81.1, gear = 4,tps = 6.1, map = 43,gx = -0.060, gy = 0.020, gz = 0.910
rpm = 2219, afr = 14.41, ECT = 81.1, gear = 4,tps = 6.1, map = 43,gx = -0.040, gy = 0.040, gz = 0.910
rpm = 2215, afr = 14.41, ECT = 81.1, gear = 4,tps = 6.1, map = 43,gx = -0.050, gy = 0.040, gz = 0.920
rpm = 2197, afr = 14.26, ECT = 81.1, gear = 4,tps = 6.1, map = 43,gx = -0.040, gy = 0.020, gz = 0.980
rpm = 2205, afr = 14.41, ECT = 81.1, gear = 4,tps = 6.1, map = 43,gx = -0.040, gy = 0.020, gz = 1.020
rpm = 2216, afr = 14.41, ECT = 81.1, gear = 4,tps = 6.1, map = 43,gx = -0.040, gy = 0.010, gz = 1.050
rpm = 2216, afr = 14.26, ECT = 81.1, gear = 4,tps = 6.1, map = 43,gx = -0.040, gy = 0.030, gz = 1.060
rpm = 2212, afr = 14.41, ECT = 81.1, gear = 4,tps = 6.0, map = 43,gx = -0.030, gy = 0.020, gz = 1.010
rpm = 2209, afr = 14.41, ECT = 81.1, gear = 4,tps = 6.1, map = 43,gx = -0.040, gy = 0.020, gz = 0.990
rpm = 2200, afr = 14.41, ECT = 81.1, gear = 4,tps = 6.1, map = 43,gx = -0.050, gy = 0.020, gz = 0.990
rpm = 2196, afr = 14.41, ECT = 81.1, gear = 4,tps = 6.0, map = 43,gx = -0.040, gy = 0.030, gz = 0.980
rpm = 2204, afr = 14.41, ECT = 81.1, gear = 4,tps = 6.0, map = 43,gx = -0.040, gy = 0.050, gz = 0.980
rpm = 2209, afr = 14.55, ECT = 81.1, gear = 4,tps = 6.0, map = 43,gx = -0.030, gy = 0.030, gz = 0.990
rpm = 2192, afr = 14.41, ECT = 81.1, gear = 4,tps = 6.1, map = 43,gx = -0.010, gy = 0.040, gz = 0.990
rpm = 2194, afr = 14.41, ECT = 81.1, gear = 4,tps = 6.1, map = 43,gx = -0.010, gy = 0.040, gz = 0.990
rpm = 2199, afr = 14.41, ECT = 81.1, gear = 4gx = 0.000, gy = 0.040, gz = 0.990
,tps = 6.1, map = 43,rpm = 2190, afr = 14.55, ECT = 81.1, gear = 4,tps = 6.0, map = 43,gx = -0.020, gy = 0.050, gz = 0.980
rpm = 2193, afr = 14.41, ECT = 81.1, gear = 4,tps = 6.1, map = 43,gx = -0.010, gy = 0.020, gz = 0.940
rpm = 2193, afr = 14.55, ECT = 81.1, gear = 4,tps = 6.1, map = 43,gx = -0.020, gy = 0.040, gz = 0.960
rpm = 2184, afr = 14.55, ECT = 81.1, gear = 4,tps = 6.0, map = 43,gx = -0.030, gy = 0.040, gz = 0.990
rpm = 2190, afr = 14.55, ECT = 81.1, gear = 4,tps = 6.1, map = 43,gx = -0.030, gy = 0.050, gz = 0.960
rpm = 2198, afr = 14.41, ECT = 81.1, gear = 4,tps = 6.0, map = 43,gx = -0.020, gy = 0.060, gz = 1.000
rpm = 2187, afr = 14.41, ECT = 81.1, gear = 4,tps = 6.0, map = 43,gx = -0.030, gy = 0.050, gz = 1.100
rpm = 2185, afr = 14.55, ECT = 81.1, gear = 4,tps = 6.1, map = 43,gx = -0.030, gy = 0.050, gz = 1.110
rpm = 2196, afr = 14.41, ECT = 81.1, gear = 4,tps = 6.0, map = 43,gx = -0.030, gy = 0.070, gz = 1.040
rpm = 2195, afr = 14.55, ECT = 81.1, gear = 4,tps = 6.0, map = 43,gx = -0.010, gy = 0.050, gz = 1.000
rpm = 2172, afr = 14.55, ECT = 81.1, gear = 4,tps = 6.1, map = 43,gx = -0.030, gy = 0.010, gz = 0.990
rpm = 2176, afr = 14.55, ECT = 81.1, gear = 4,tps = 6.1, map = 43,gx = -0.030, gy = 0.030, gz = 0.990
rpm = 2184, afr = 14.55, ECT = 81.1, gear = 4,tps = 6.1, map = 43,gx = -0.020, gy = 0.030, gz = 0.980
rpm = 2193, afr = 14.41, ECT = 81.1, gear = 4,tps = 6.1, map = 43,gx = -0.020, gy = 0.030, gz = 0.950
rpm = 2178, afr = 14.41, ECT = 81.1, gear = 4,tps = 6.1, map = 43,gx = 0.000, gy = 0.040, gz = 0.930
rpm = 2173, afr = 14.41, ECT = 81.1, gear = 4,tps = 6.1, map = 43,gx = -0.010, gy = 0.030, gz = 0.910
rpm = 2175, afr = 14.55, ECT = 81.1, gear = 4,tps = 6.0, map = 43,gx = -0.020, gy = 0.020, gz = 0.940
rpm = 2172, afr = 14.41, ECT = 81.1, gear = 4,tps = 6.0, map = 43,gx = -0.020, gy = 0.040, gz = 0.970
rpm = 2182, afr = 14.55, ECT = 81.1, gear = 4,tps = 6.0, map = 43,gx = -0.050, gy = 0.030, gz = 1.140
rpm = 2190, afr = 14.55, ECT = 81.1, gear = 4,tps = 6.0, map = 43,gx = -0.030, gy = 0.030, gz = 1.110
rpm = 2186, afr = 14.55, ECT = 81.1, gear = 4,tps = 6.1, map = 43,gx = -0.010, gy = 0.010, gz = 0.980
rpm = 2156, afr = 14.55, ECT = 81.1, gear = 4,tps = 6.1, map = 43,gx = -0.050, gy = 0.000, gz = 0.990
rpm = 2169, afr = 14.55, ECT = 81.1, gear = 4,tps = 6.0, map = 43,gx = -0.040, gy = 0.000, gz = 0.950
rpm = 2170, afr = 14.55, ECT = 81.1, gear = 4,tps = 6.1, map = 43,gx = -0.030, gy = 0.000, gz = 0.910
rpm = 2169, afr = 14.55, ECT = 81.1, gear = 4,tps = 6.1, map = 43,gx = -0.040, gy = 0.020, gz = 0.940
rpm = 2167, afr = 14.55, ECT = 81.1, gear = 4,tps = 6.0, map = 43,gx = -0.040, gy = 0.040, gz = 0.970
rpm = 2166, afr = 14.55, ECT = 81.1, gear = 4,tps = 6.1, map = 43,gx = -0.040, gy = 0.030, gz = 0.970
rpm = 2164, afr = 14.55, ECT = 81.1, gear = 4,tps = 6.0, map = 43,gx = -0.030, gy = 0.040, gz = 1.020
rpm = 2161, afr = 14.55, ECT = 81.2, gear = 4,tps = 6.0, map = 43,gx = -0.020, gy = 0.030, gz = 1.000
rpm = 2152, afr = 14.55, ECT = 81.1, gear = 4,tps = 6.1, map = 45,gx = -0.040, gy = 0.030, gz = 1.000
rpm = 2146, afr = 14.55, ECT = 81.1, gear = 4,tps = 6.0, map = 46,gx = -0.020, gy = 0.060, gz = 0.980
rpm = 2143, afr = 14.55, ECT = 81.1, gear = 4gx = -0.040, gy = 0.060, gz = 0.960
,tps = 6.0, map = 47,rpm = 2157, afr = 14.70, ECT = 81.1, gear = 4,tps = 6.0, map = 48,gx = -0.030, gy = 0.050, gz = 0.940
rpm = 2173, afr = 14.55, ECT = 81.1, gear = 4,tps = 6.0, map = 49,gx = -0.030, gy = 0.060, gz = 0.990
rpm = 2170, afr = 14.55, ECT = 81.1, gear = 4,tps = 6.0, map = 49,gx = -0.040, gy = 0.070, gz = 0.980
rpm = 2163, afr = 14.70, ECT = 81.2, gear = 4,tps = 6.0, map = 50,gx = -0.040, gy = 0.030, gz = 0.990
rpm = 2157, afr = 14.85, ECT = 81.1, gear = 4,tps = 6.0, map = 50,gx = -0.030, gy = 0.030, gz = 0.960
rpm = 2150, afr = 14.85, ECT = 81.2, gear = 4,tps = 6.0, map = 50,gx = -0.050, gy = 0.020, gz = 0.910
rpm = 2151, afr = 14.70, ECT = 81.2, gear = 4,tps = 6.0, map = 50,gx = -0.050, gy = 0.040, gz = 0.990
rpm = 2149, afr = 14.70, ECT = 81.1, gear = 4,tps = 6.1, map = 50,gx = -0.030, gy = 0.040, gz = 1.020
rpm = 2147, afr = 14.55, ECT = 81.2, gear = 4,tps = 6.0, map = 50,gx = -0.020, gy = 0.050, gz = 1.040
rpm = 2144, afr = 14.41, ECT = 81.1, gear = 4,tps = 6.1, map = 51,gx = -0.030, gy = 0.010, gz = 1.040
rpm = 2143, afr = 14.55, ECT = 81.1, gear = 4,tps = 6.1, map = 51,gx = -0.030, gy = 0.030, gz = 1.020
rpm = 2149, afr = 14.41, ECT = 81.1, gear = 4,tps = 6.0, map = 51,gx = -0.020, gy = 0.030, gz = 1.010
rpm = 2156, afr = 14.26, ECT = 81.2, gear = 4,tps = 6.0, map = 51,gx = -0.030, gy = 0.060, gz = 1.050
rpm = 2158, afr = 14.26, ECT = 81.1, gear = 4,tps = 6.1, map = 51,gx = -0.020, gy = 0.060, gz = 0.980
rpm = 2152, afr = 14.26, ECT = 81.2, gear = 4,tps = 6.0, map = 51,gx = -0.030, gy = 0.020, gz = 0.930
rpm = 2143, afr = 14.26, ECT = 81.2, gear = 4,tps = 6.0, map = 51,gx = -0.030, gy = 0.020, gz = 0.910
rpm = 2134, afr = 14.11, ECT = 81.2, gear = 4,tps = 6.1, map = 51,gx = -0.040, gy = 0.030, gz = 0.890
rpm = 2131, afr = 14.11, ECT = 81.2, gear = 4,tps = 6.0, map = 51,gx = -0.050, gy = 0.030, gz = 0.980
rpm = 2119, afr = 14.11, ECT = 81.2, gear = 4,tps = 6.0, map = 51,gx = -0.030, gy = 0.010, gz = 1.090
rpm = 2114, afr = 14.11, ECT = 81.2, gear = 4,tps = 6.0, map = 51,gx = -0.020, gy = 0.040, gz = 1.110
rpm = 2139, afr = 14.11, ECT = 81.2, gear = 4,tps = 6.0, map = 51,gx = -0.030, gy = 0.060, gz = 1.130
rpm = 2161, afr = 14.11, ECT = 81.2, gear = 4,tps = 6.0, map = 51,gx = -0.030, gy = 0.080, gz = 1.090
rpm = 2153, afr = 14.11, ECT = 81.2, gear = 4,tps = 6.0, map = 51,gx = -0.030, gy = 0.060, gz = 1.020
rpm = 2136, afr = 14.41, ECT = 81.2, gear = 4,tps = 6.0, map = 51,gx = -0.040, gy = 0.060, gz = 0.940
rpm = 2118, afr = 14.41, ECT = 81.3, gear = 4,tps = 6.0, map = 51,gx = -0.040, gy = 0.040, gz = 0.920
rpm = 2112, afr = 14.55, ECT = 81.2, gear = 4,tps = 6.0, map = 51,gx = -0.030, gy = 0.030, gz = 0.950
rpm = 2111, afr = 14.55, ECT = 81.2, gear = 4,tps = 6.0, map = 51,gx = -0.040, gy = 0.050, gz = 0.950
rpm = 2110, afr = 14.41, ECT = 81.2, gear = 4,tps = 6.0, map = 51,gx = -0.050, gy = 0.060, gz = 0.980
rpm = 2115, afr = 14.41, ECT = 81.2, gear = 4,tps = 6.0, map = 51,gx = -0.020, gy = 0.070, gz = 0.980
rpm = 2128, afr = 14.41, ECT = 81.2, gear = 4,tps = 6.0, map = 51,gx = -0.030, gy = 0.070, gz = 1.000
rpm = 2134, afr = 14.26, ECT = 81.2, gear = 4,tps = 6.0, map = 51,gx = -0.030, gy = 0.070, gz = 0.960
rpm = 2126, afr = 14.41, ECT = 81.2, gear = 4gx = -0.050, gy = 0.050, gz = 0.990
,tps = 6.0, map = 51,rpm = 2115, afr = 14.41, ECT = 81.2, gear = 4,tps = 6.0, map = 51,gx = -0.030, gy = 0.040, gz = 1.000
rpm = 2113, afr = 14.26, ECT = 81.2, gear = 4,tps = 6.0, map = 51,gx = -0.040, gy = 0.030, gz = 1.010
rpm = 2112, afr = 14.41, ECT = 81.2, gear = 4,tps = 6.0, map = 51,gx = -0.040, gy = 0.050, gz = 1.000
rpm = 2105, afr = 14.26, ECT = 81.2, gear = 4,tps = 6.0, map = 51,gx = -0.040, gy = 0.060, gz = 1.010
rpm = 2104, afr = 14.26, ECT = 81.2, gear = 4,tps = 6.0, map = 51,gx = -0.030, gy = 0.040, gz = 0.960
rpm = 2107, afr = 14.41, ECT = 81.2, gear = 4,tps = 6.0, map = 51,gx = -0.030, gy = 0.040, gz = 1.000
rpm = 2115, afr = 14.41, ECT = 81.2, gear = 4,tps = 6.0, map = 51,gx = -0.050, gy = 0.030, gz = 0.990
rpm = 2114, afr = 14.41, ECT = 81.3, gear = 4,tps = 6.0, map = 51,gx = 0.000, gy = 0.040, gz = 0.870
rpm = 2111, afr = 14.41, ECT = 81.3, gear = 4,tps = 6.0, map = 51,gx = -0.010, gy = 0.050, gz = 0.790
rpm = 2098, afr = 14.26, ECT = 81.3, gear = 4,tps = 6.0, map = 51,gx = -0.050, gy = 0.010, gz = 0.830
rpm = 2095, afr = 14.41, ECT = 81.3, gear = 4,tps = 6.0, map = 51,gx = -0.030, gy = 0.060, gz = 0.910
rpm = 2094, afr = 14.41, ECT = 81.3, gear = 4,tps = 6.0, map = 51,gx = -0.020, gy = 0.030, gz = 0.950
rpm = 2089, afr = 14.41, ECT = 81.2, gear = 4,tps = 6.0, map = 51,gx = -0.050, gy = 0.050, gz = 1.070
rpm = 2097, afr = 14.41, ECT = 81.3, gear = 4,tps = 6.0, map = 51,gx = -0.030, gy = 0.040, gz = 1.100
rpm = 2111, afr = 14.55, ECT = 81.3, gear = 4,tps = 6.0, map = 51,gx = -0.030, gy = 0.060, gz = 1.100
rpm = 2114, afr = 14.55, ECT = 81.3, gear = 4,tps = 5.9, map = 51,gx = -0.040, gy = 0.050, gz = 1.160
rpm = 2104, afr = 14.55, ECT = 81.2, gear = 4,tps = 2.2, map = 50,gx = -0.070, gy = 0.060, gz = 1.130
rpm = 2087, afr = 14.55, ECT = 81.3, gear = 4,tps = 0.6, map = 46,gx = -0.050, gy = 0.050, gz = 0.970
rpm = 2072, afr = 14.55, ECT = 81.2, gear = 4,tps = 0.6, map = 41,gx = -0.030, gy = 0.060, gz = 0.820
rpm = 2056, afr = 14.55, ECT = 81.2, gear = 4,tps = 0.6, map = 39,gx = -0.030, gy = 0.040, gz = 0.730
rpm = 2076, afr = 14.55, ECT = 81.2, gear = 4,tps = 0.6, map = 37,gx = -0.020, gy = 0.050, gz = 0.780
rpm = 2082, afr = 14.55, ECT = 81.3, gear = 4,tps = 0.6, map = 36,gx = -0.030, gy = 0.060, gz = 0.930
rpm = 2069, afr = 14.26, ECT = 81.3, gear = 4,tps = 0.6, map = 35,gx = -0.020, gy = 0.060, gz = 1.040
rpm = 2084, afr = 14.11, ECT = 81.3, gear = 4,tps = 0.6, map = 35,gx = -0.040, gy = 0.070, gz = 1.110
rpm = 2088, afr = 13.96, ECT = 81.3, gear = 4,tps = 0.5, map = 34,gx = -0.050, gy = 0.060, gz = 1.170
rpm = 2061, afr = 13.82, ECT = 81.3, gear = 4,tps = 0.6, map = 34,gx = -0.040, gy = 0.050, gz = 1.130
rpm = 2081, afr = 13.82, ECT = 81.3, gear = 4,tps = 0.5, map = 33,gx = -0.030, gy = 0.090, gz = 1.020
rpm = 2080, afr = 13.67, ECT = 81.2, gear = 4,tps = 0.6, map = 33,gx = -0.040, gy = 0.060, gz = 0.970
rpm = 2032, afr = 13.52, ECT = 81.3, gear = 4,tps = 0.5, map = 33,gx = -0.030, gy = 0.050, gz = 0.960
rpm = 2064, afr = 13.38, ECT = 81.3, gear = 4,tps = 0.6, map = 33,gx = -0.020, gy = 0.070, gz = 0.900
rpm = 2082, afr = 13.38, ECT = 81.3, gear = 4,tps = 0.6, map = 33,gx = -0.030, gy = 0.070, gz = 0.960
rpm = 2026, afr = 13.38, ECT = 81.3, gear = 4gx = -0.020, gy = 0.040, gz = 0.950
,tps = 0.6, map = 33,rpm = 2041, afr = 13.38, ECT = 81.3, gear = 4,tps = 0.6, map = 32,gx = -0.010, gy = 0.070, gz = 0.890
rpm = 2070, afr = 13.38, ECT = 81.3, gear = 4,tps = 0.5, map = 32,gx = -0.030, gy = 0.080, gz = 0.910
rpm = 2028, afr = 13.52, ECT = 81.3, gear = 4,tps = 0.6, map = 32,gx = -0.030, gy = 0.070, gz = 0.990
rpm = 2035, afr = 13.67, ECT = 81.3, gear = 4,tps = 0.6, map = 32,gx = -0.030, gy = 0.070, gz = 1.030
rpm = 2067, afr = 13.67, ECT = 81.3, gear = 4,tps = 0.6, map = 32,gx = -0.040, gy = 0.080, gz = 1.070
rpm = 2037, afr = 13.82, ECT = 81.3, gear = 4,tps = 0.6, map = 32,gx = -0.040, gy = 0.080, gz = 1.070
rpm = 2005, afr = 13.96, ECT = 81.3, gear = 4,tps = 0.5, map = 32,gx = -0.020, gy = 0.080, gz = 1.060
rpm = 2038, afr = 13.82, ECT = 81.3, gear = 4,tps = 0.6, map = 33,gx = -0.030, gy = 0.080, gz = 0.980
rpm = 2038, afr = 13.96, ECT = 81.3, gear = 4,tps = 0.6, map = 34,gx = -0.040, gy = 0.100, gz = 1.000
rpm = 1998, afr = 13.96, ECT = 81.3, gear = 4,tps = 0.6, map = 34,gx = -0.030, gy = 0.080, gz = 0.980
rpm = 2016, afr = 13.96, ECT = 81.3, gear = 4,tps = 0.6, map = 35,gx = -0.030, gy = 0.060, gz = 1.000
rpm = 2027, afr = 13.96, ECT = 81.3, gear = 4,tps = 0.6, map = 35,gx = -0.020, gy = 0.080, gz = 1.030
rpm = 1996, afr = 14.11, ECT = 81.3, gear = 4,tps = 0.6, map = 36,gx = -0.030, gy = 0.070, gz = 0.970
rpm = 2005, afr = 14.11, ECT = 81.3, gear = 4,tps = 0.6, map = 36,gx = -0.030, gy = 0.110, gz = 0.980
rpm = 2004, afr = 14.41, ECT = 81.3, gear = 4,tps = 0.6, map = 36,gx = -0.020, gy = 0.090, gz = 0.910
rpm = 1981, afr = 14.70, ECT = 81.3, gear = 4,tps = 0.6, map = 36,gx = -0.010, gy = 0.090, gz = 0.840
rpm = 1990, afr = 15.88, ECT = 81.3, gear = 4,tps = 0.6, map = 36,gx = 0.000, gy = 0.100, gz = 0.780
rpm = 1984, afr = 16.90, ECT = 81.3, gear = 4,tps = 0.6, map = 36,gx = -0.010, gy = 0.080, gz = 0.820
rpm = 1968, afr = 18.38, ECT = 81.3, gear = 4,tps = 0.6, map = 36,gx = -0.030, gy = 0.130, gz = 0.980
rpm = 1991, afr = 20.58, ECT = 81.3, gear = 4,tps = 0.6, map = 36,gx = -0.030, gy = 0.120, gz = 1.040
rpm = 1980, afr = 22.64, ECT = 81.3, gear = 4,tps = 0.6, map = 36,gx = -0.090, gy = 0.090, gz = 1.050
rpm = 1980, afr = 26.61, ECT = 81.3, gear = 4,tps = 0.6, map = 36,gx = -0.040, gy = 0.100, gz = 1.100
rpm = 1983, afr = 29.99, ECT = 81.3, gear = 4,tps = 0.6, map = 36,gx = -0.060, gy = 0.110, gz = 1.150
rpm = 1953, afr = 33.37, ECT = 81.3, gear = 4,tps = 0.6, map = 36,gx = -0.050, gy = 0.070, gz = 1.150
rpm = 1986, afr = 40.28, ECT = 81.3, gear = 4,tps = 0.6, map = 37,gx = -0.020, gy = 0.080, gz = 1.070
rpm = 1975, afr = 54.68, ECT = 81.3, gear = 4,tps = 0.6, map = 36,gx = -0.050, gy = 0.100, gz = 0.990
rpm = 1934, afr = 68.65, ECT = 81.3, gear = 4,tps = 0.7, map = 37,gx = -0.030, gy = 0.080, gz = 0.880
rpm = 1953, afr = 76.00, ECT = 81.3, gear = 4,tps = 0.7, map = 37,gx = -0.040, gy = 0.070, gz = 0.880
rpm = 1951, afr = 80.41, ECT = 81.3, gear = 4,tps = 0.7, map = 37,gx = -0.030, gy = 0.070, gz = 0.930
rpm = 1932, afr = 89.23, ECT = 81.3, gear = 4,tps = 0.7, map = 37,gx = -0.040, gy = 0.080, gz = 1.100
rpm = 1948, afr = 96.14, ECT = 81.3, gear = 4,tps = 0.8, map = 37,gx = -0.030, gy = 0.070, gz = 1.170
rpm = 1953, afr = 96.28, ECT = 81.4, gear = 4gx = -0.030, gy = 0.100, gz = 1.250
,tps = 1.9, map = 37,rpm = 1948, afr = 96.28, ECT = 81.4, gear = 4,tps = 4.3, map = 39,gx = -0.040, gy = 0.110, gz = 1.240
rpm = 1981, afr = 96.28, ECT = 81.4, gear = 4,tps = 4.5, map = 42,gx = -0.020, gy = 0.100, gz = 1.120
rpm = 1946, afr = 96.28, ECT = 81.4, gear = 4,tps = 4.6, map = 43,gx = -0.020, gy = 0.060, gz = 1.040
rpm = 1908, afr = 96.28, ECT = 81.4, gear = 4,tps = 4.6, map = 45,gx = -0.030, gy = 0.030, gz = 0.930
rpm = 1891, afr = 96.28, ECT = 81.4, gear = 4,tps = 4.7, map = 46,gx = -0.020, gy = 0.020, gz = 0.850
rpm = 1892, afr = 96.28, ECT = 81.4, gear = 4,tps = 4.7, map = 46,gx = -0.040, gy = 0.020, gz = 0.860
rpm = 1926, afr = 96.28, ECT = 81.4, gear = 4,tps = 4.7, map = 47,gx = -0.040, gy = 0.020, gz = 0.950
rpm = 1934, afr = 80.11, ECT = 81.4, gear = 4,tps = 4.7, map = 48,gx = -0.040, gy = 0.050, gz = 1.060
rpm = 1932, afr = 30.43, ECT = 81.4, gear = 4,tps = 4.8, map = 48,gx = -0.030, gy = 0.030, gz = 1.080
rpm = 1917, afr = 21.61, ECT = 81.4, gear = 4,tps = 4.8, map = 48,gx = -0.030, gy = 0.010, gz = 1.040
rpm = 1909, afr = 20.43, ECT = 81.4, gear = 4,tps = 4.8, map = 49,gx = -0.020, gy = 0.020, gz = 1.010
rpm = 1908, afr = 17.79, ECT = 81.4, gear = 4,tps = 4.8, map = 49,gx = -0.020, gy = 0.030, gz = 0.940
rpm = 1899, afr = 16.76, ECT = 81.4, gear = 4,tps = 4.8, map = 49,gx = -0.030, gy = 0.030, gz = 0.930
rpm = 1897, afr = 16.17, ECT = 81.4, gear = 4,tps = 4.8, map = 49,gx = -0.020, gy = 0.020, gz = 0.910
rpm = 1896, afr = 15.58, ECT = 81.4, gear = 4,tps = 4.8, map = 49,gx = -0.030, gy = 0.030, gz = 0.930
rpm = 1895, afr = 15.14, ECT = 81.4, gear = 4,tps = 4.8, map = 49,gx = -0.030, gy = 0.030, gz = 0.960
rpm = 1898, afr = 14.70, ECT = 81.4, gear = 4,tps = 4.7, map = 49,gx = -0.040, gy = 0.040, gz = 1.000
rpm = 1890, afr = 14.55, ECT = 81.4, gear = 4,tps = 4.8, map = 50,gx = -0.030, gy = 0.060, gz = 0.980
rpm = 1891, afr = 14.55, ECT = 81.4, gear = 4,tps = 4.8, map = 50,gx = -0.040, gy = 0.030, gz = 1.040
rpm = 1887, afr = 14.41, ECT = 81.4, gear = 4,tps = 4.8, map = 50,gx = -0.040, gy = 0.040, gz = 1.010
rpm = 1888, afr = 14.26, ECT = 81.4, gear = 4,tps = 4.8, map = 50,gx = -0.010, gy = 0.030, gz = 0.980
rpm = 1885, afr = 14.11, ECT = 81.4, gear = 4,tps = 4.8, map = 50,gx = -0.010, gy = 0.040, gz = 0.980
rpm = 1881, afr = 14.11, ECT = 81.4, gear = 4,tps = 4.8, map = 50,gx = -0.020, gy = 0.040, gz = 1.000
rpm = 1882, afr = 14.11, ECT = 81.4, gear = 4,tps = 4.8, map = 50,gx = -0.020, gy = 0.030, gz = 0.990
rpm = 1873, afr = 14.11, ECT = 81.4, gear = 4,tps = 4.8, map = 50,gx = -0.020, gy = 0.030, gz = 1.000
rpm = 1876, afr = 13.96, ECT = 81.3, gear = 4,tps = 4.8, map = 50,gx = -0.020, gy = 0.020, gz = 1.030
rpm = 1876, afr = 13.96, ECT = 81.3, gear = 4,tps = 4.8, map = 50,gx = -0.010, gy = 0.040, gz = 1.040
rpm = 1875, afr = 13.82, ECT = 81.3, gear = 4,tps = 4.8, map = 50,gx = -0.010, gy = 0.030, gz = 0.990
rpm = 1865, afr = 13.82, ECT = 81.3, gear = 4,tps = 4.8, map = 50,gx = -0.020, gy = 0.030, gz = 0.950
rpm = 1865, afr = 13.67, ECT = 81.3, gear = 4,tps = 4.8, map = 50,gx = -0.020, gy = 0.030, gz = 0.900
rpm = 1860, afr = 13.82, ECT = 81.3, gear = 4,tps = 4.8, map = 50,gx = -0.020, gy = 0.050, gz = 0.920
rpm = 1855, afr = 13.82, ECT = 81.3, gear = 4gx = -0.010, gy = 0.040, gz = 0.950
,tps = 4.8, map = 50,rpm = 1860, afr = 13.67, ECT = 81.3, gear = 4,tps = 4.8, map = 50,gx = -0.020, gy = 0.030, gz = 1.010
rpm = 1855, afr = 13.82, ECT = 81.3, gear = 4,tps = 4.8, map = 51,gx = -0.020, gy = 0.080, gz = 1.020
rpm = 1863, afr = 13.82, ECT = 81.3, gear = 4,tps = 4.8, map = 51,gx = -0.030, gy = 0.060, gz = 0.970
rpm = 1853, afr = 13.82, ECT = 81.3, gear = 4,tps = 4.8, map = 51,gx = -0.040, gy = 0.050, gz = 0.970
rpm = 1850, afr = 13.67, ECT = 81.3, gear = 4,tps = 4.8, map = 51,gx = -0.030, gy = 0.030, gz = 0.960
rpm = 1848, afr = 13.82, ECT = 81.3, gear = 4,tps = 4.8, map = 51,gx = -0.030, gy = 0.040, gz = 1.000
rpm = 1853, afr = 13.82, ECT = 81.3, gear = 4,tps = 4.8, map = 51,gx = -0.040, gy = 0.020, gz = 1.030
rpm = 1846, afr = 13.82, ECT = 81.3, gear = 4,tps = 4.8, map = 51,gx = -0.040, gy = 0.020, gz = 1.020
rpm = 1843, afr = 13.82, ECT = 81.3, gear = 4,tps = 4.8, map = 51,gx = -0.050, gy = 0.000, gz = 1.000
rpm = 1844, afr = 13.82, ECT = 81.3, gear = 4,tps = 4.8, map = 51,gx = -0.040, gy = 0.010, gz = 0.960
rpm = 1834, afr = 13.82, ECT = 81.3, gear = 4,tps = 4.8, map = 51,gx = -0.040, gy = 0.040, gz = 0.950
rpm = 1833, afr = 13.96, ECT = 81.3, gear = 4,tps = 4.8, map = 51,gx = -0.040, gy = 0.040, gz = 0.980
rpm = 1830, afr = 13.82, ECT = 81.3, gear = 4,tps = 4.8, map = 51,gx = -0.020, gy = 0.020, gz = 0.990
rpm = 1835, afr = 13.96, ECT = 81.3, gear = 4,tps = 4.8, map = 51,gx = -0.030, gy = 0.040, gz = 1.070
rpm = 1835, afr = 13.96, ECT = 81.2, gear = 4,tps = 4.8, map = 51,gx = -0.030, gy = 0.020, gz = 1.070
rpm = 1838, afr = 13.96, ECT = 81.2, gear = 4,tps = 4.8, map = 51,gx = -0.020, gy = 0.000, gz = 0.980
rpm = 1820, afr = 13.96, ECT = 81.2, gear = 4,tps = 4.8, map = 51,gx = -0.040, gy = 0.000, gz = 0.910
rpm = 1821, afr = 13.96, ECT = 81.2, gear = 4,tps = 4.8, map = 51,gx = -0.030, gy = 0.020, gz = 0.820
rpm = 1817, afr = 14.11, ECT = 81.2, gear = 4,tps = 4.8, map = 52,gx = -0.020, gy = 0.010, gz = 0.790
rpm = 1809, afr = 14.26, ECT = 81.2, gear = 4,tps = 4.8, map = 52,gx = -0.030, gy = 0.030, gz = 0.820
rpm = 1812, afr = 14.11, ECT = 81.2, gear = 4,tps = 4.8, map = 52,gx = -0.050, gy = 0.020, gz = 0.920
rpm = 1818, afr = 14.11, ECT = 81.2, gear = 4,tps = 4.8, map = 52,gx = -0.040, gy = 0.020, gz = 0.980
rpm = 1823, afr = 14.11, ECT = 81.2, gear = 4,tps = 4.8, map = 52,gx = -0.040, gy = 0.030, gz = 1.050
rpm = 1821, afr = 14.11, ECT = 81.2, gear = 4,tps = 4.8, map = 52,gx = -0.050, gy = 0.010, gz = 1.090
rpm = 1812, afr = 14.11, ECT = 81.2, gear = 4,tps = 4.8, map = 52,gx = -0.030, gy = 0.050, gz = 1.050
rpm = 1819, afr = 14.11, ECT = 81.1, gear = 4,tps = 4.8, map = 52,gx = -0.020, gy = 0.060, gz = 1.000
rpm = 1814, afr = 14.11, ECT = 81.1, gear = 4,tps = 4.8, map = 52,gx = -0.020, gy = 0.040, gz = 0.960
rpm = 1809, afr = 14.26, ECT = 81.1, gear = 4,tps = 4.8, map = 52,gx = -0.020, gy = 0.040, gz = 0.920
rpm = 1806, afr = 14.26, ECT = 81.1, gear = 4,tps = 4.8, map = 52,gx = -0.010, gy = 0.010, gz = 0.940
rpm = 1810, afr = 14.41, ECT = 81.1, gear = 4,tps = 4.8, map = 52,gx = -0.030, gy = 0.020, gz = 0.990
rpm = 1809, afr = 14.26, ECT = 81.1, gear = 4,tps = 4.8, map = 52,gx = -0.030, gy = 0.030, gz = 0.970
rpm = 1808, afr = 14.26, ECT = 81.1, gear = 4gx = -0.030, gy = 0.040, gz = 0.970
,tps = 4.8, map = 52,rpm = 1796, afr = 14.26, ECT = 81.1, gear = 4,tps = 4.8, map = 52,gx = -0.020, gy = 0.060, gz = 0.920
rpm = 1802, afr = 14.26, ECT = 81.1, gear = 4,tps = 4.8, map = 52,gx = -0.020, gy = 0.040, gz = 0.930
rpm = 1800, afr = 14.26, ECT = 81.1, gear = 4,tps = 4.8, map = 52,gx = -0.020, gy = 0.050, gz = 0.970
rpm = 1799, afr = 14.26, ECT = 81.1, gear = 4,tps = 4.8, map = 52,gx = -0.030, gy = 0.020, gz = 0.980
rpm = 1796, afr = 14.26, ECT = 81.1, gear = 4,tps = 4.8, map = 52,gx = -0.030, gy = 0.010, gz = 1.030
rpm = 1802, afr = 14.26, ECT = 81.1, gear = 4,tps = 4.8, map = 52,gx = 0.000, gy = 0.040, gz = 1.020
rpm = 1801, afr = 14.55, ECT = 81.1, gear = 4,tps = 4.8, map = 52,gx = 0.000, gy = 0.030, gz = 1.020
rpm = 1802, afr = 14.70, ECT = 81.1, gear = 4,tps = 4.8, map = 52,gx = -0.010, gy = 0.020, gz = 1.010
rpm = 1797, afr = 14.70, ECT = 81.1, gear = 4,tps = 4.8, map = 52,gx = 0.000, gy = 0.010, gz = 0.920
rpm = 1790, afr = 14.99, ECT = 81.1, gear = 4,tps = 4.8, map = 53,gx = -0.020, gy = 0.020, gz = 0.940
rpm = 1786, afr = 14.85, ECT = 81.1, gear = 4,tps = 4.8, map = 53,gx = 0.000, gy = 0.020, gz = 0.930
rpm = 1795, afr = 14.85, ECT = 81.1, gear = 4,tps = 4.8, map = 53,gx = 0.000, gy = 0.030, gz = 0.970
rpm = 1799, afr = 14.85, ECT = 81.0, gear = 4,tps = 4.8, map = 53,gx = -0.010, gy = 0.040, gz = 0.970
rpm = 1799, afr = 15.14, ECT = 81.0, gear = 4,tps = 4.8, map = 53,gx = 0.000, gy = 0.010, gz = 0.960
rpm = 1782, afr = 14.85, ECT = 81.0, gear = 4,tps = 4.8, map = 53,gx = 0.010, gy = 0.030, gz = 0.930
rpm = 1789, afr = 14.85, ECT = 81.0, gear = 4,tps = 4.8, map = 53,gx = 0.000, gy = 0.030, gz = 0.890
rpm = 1793, afr = 14.85, ECT = 81.0, gear = 4,tps = 4.8, map = 53,gx = 0.000, gy = 0.020, gz = 0.910
rpm = 1788, afr = 14.85, ECT = 81.0, gear = 4,tps = 4.8, map = 53,gx = -0.010, gy = 0.000, gz = 0.900
rpm = 1783, afr = 14.85, ECT = 81.0, gear = 4,tps = 4.8, map = 53,gx = -0.010, gy = 0.010, gz = 0.910
rpm = 1792, afr = 14.70, ECT = 81.0, gear = 4,tps = 4.8, map = 53,gx = 0.010, gy = 0.000, gz = 0.960
rpm = 1789, afr = 14.70, ECT = 81.0, gear = 4,tps = 4.8, map = 53,gx = -0.020, gy = 0.040, gz = 1.050
rpm = 1792, afr = 14.41, ECT = 81.0, gear = 4,tps = 4.8, map = 53,gx = -0.010, gy = 0.020, gz = 1.040
rpm = 1793, afr = 14.41, ECT = 81.0, gear = 4,tps = 4.8, map = 53,gx = -0.010, gy = 0.030, gz = 1.010
rpm = 1787, afr = 14.26, ECT = 81.0, gear = 4,tps = 4.8, map = 53,gx = -0.010, gy = 0.030, gz = 0.940
rpm = 1789, afr = 14.41, ECT = 81.0, gear = 4,tps = 4.8, map = 53,gx = -0.040, gy = 0.060, gz = 1.010
rpm = 1791, afr = 14.26, ECT = 81.0, gear = 4,tps = 4.8, map = 53,gx = -0.040, gy = 0.080, gz = 0.990
rpm = 1789, afr = 14.26, ECT = 81.0, gear = 4,tps = 4.8, map = 53,gx = -0.020, gy = 0.030, gz = 0.900
rpm = 1788, afr = 14.26, ECT = 81.0, gear = 4,tps = 4.8, map = 53,gx = -0.040, gy = 0.050, gz = 0.940
rpm = 1784, afr = 14.41, ECT = 81.0, gear = 4,tps = 4.8, map = 53,gx = -0.040, gy = 0.050, gz = 0.960
rpm = 1787, afr = 14.55, ECT = 81.0, gear = 4,tps = 4.8, map = 53,gx = -0.050, gy = 0.040, gz = 1.010
rpm = 1786, afr = 14.70, ECT = 81.0, gear = 4,tps = 4.8, map = 53,gx = -0.040, gy = 0.040, gz = 1.050
rpm = 1793, afr = 14.55, ECT = 81.0, gear = 4gx = -0.040, gy = 0.020, gz = 1.050
,tps = 4.8, map = 53,rpm = 1794, afr = 14.55, ECT = 81.0, gear = 4,tps = 4.8, map = 53,gx = -0.020, gy = 0.020, gz = 0.990
rpm = 1789, afr = 14.55, ECT = 81.0, gear = 4,tps = 4.8, map = 53,gx = -0.030, gy = 0.030, gz = 0.970
rpm = 1781, afr = 14.41, ECT = 81.0, gear = 4,tps = 4.8, map = 53,gx = -0.030, gy = 0.010, gz = 0.910
rpm = 1788, afr = 14.26, ECT = 81.0, gear = 4,tps = 4.8, map = 53,gx = -0.020, gy = 0.010, gz = 0.920
rpm = 1784, afr = 14.26, ECT = 80.9, gear = 4,tps = 4.8, map = 53,gx = -0.010, gy = 0.020, gz = 0.950
rpm = 1789, afr = 14.26, ECT = 81.0, gear = 4,tps = 4.8, map = 53,gx = -0.020, gy = 0.040, gz = 1.010
rpm = 1794, afr = 14.26, ECT = 81.0, gear = 4,tps = 4.8, map = 53,gx = -0.020, gy = 0.050, gz = 1.020
rpm = 1791, afr = 14.41, ECT = 81.0, gear = 4,tps = 4.8, map = 53,gx = -0.020, gy = 0.040, gz = 1.030
rpm = 1787, afr = 14.41, ECT = 81.0, gear = 4,tps = 4.8, map = 53,gx = -0.010, gy = 0.050, gz = 0.990
rpm = 1795, afr = 14.55, ECT = 81.0, gear = 4,tps = 4.8, map = 53,gx = 0.000, gy = 0.040, gz = 0.950
rpm = 1785, afr = 14.55, ECT = 81.0, gear = 4,tps = 2.2, map = 53,gx = -0.020, gy = 0.040, gz = 0.930
rpm = 1784, afr = 14.55, ECT = 81.0, gear = 4,tps = 0.5, map = 49,gx = -0.020, gy = 0.040, gz = 0.890
rpm = 1774, afr = 14.55, ECT = 81.0, gear = 4,tps = 0.5, map = 45,gx = -0.020, gy = 0.040, gz = 0.880
rpm = 1769, afr = 14.41, ECT = 81.0, gear = 4,tps = 0.5, map = 43,gx = -0.010, gy = 0.030, gz = 0.880
rpm = 1754, afr = 14.41, ECT = 81.0, gear = 4,tps = 0.5, map = 41,gx = -0.020, gy = 0.040, gz = 0.940
rpm = 1792, afr = 14.26, ECT = 81.0, gear = 4,tps = 0.5, map = 40,gx = -0.030, gy = 0.060, gz = 1.010
rpm = 1809, afr = 14.26, ECT = 81.0, gear = 4,tps = 0.5, map = 39,gx = -0.020, gy = 0.080, gz = 1.020
rpm = 1783, afr = 14.11, ECT = 81.0, gear = 4,tps = 0.5, map = 38,gx = -0.030, gy = 0.080, gz = 1.050
rpm = 1765, afr = 13.96, ECT = 81.0, gear = 4,tps = 0.5, map = 37,gx = -0.040, gy = 0.050, gz = 1.020
rpm = 1803, afr = 13.82, ECT = 80.9, gear = 4,tps = 1.2, map = 37,gx = -0.020, gy = 0.080, gz = 0.980
rpm = 1792, afr = 13.67, ECT = 80.9, gear = 4,tps = 1.3, map = 37,gx = -0.010, gy = 0.050, gz = 0.950
rpm = 1768, afr = 13.52, ECT = 80.9, gear = 4,tps = 1.3, map = 37,gx = -0.020, gy = 0.040, gz = 0.940
rpm = 1775, afr = 13.38, ECT = 80.9, gear = 4,tps = 1.4, map = 37,gx = -0.020, gy = 0.060, gz = 0.920
rpm = 1798, afr = 13.38, ECT = 80.9, gear = 4,tps = 1.4, map = 38,gx = -0.030, gy = 0.040, gz = 0.920
rpm = 1772, afr = 13.38, ECT = 81.0, gear = 4,tps = 1.4, map = 38,gx = -0.020, gy = 0.030, gz = 0.910
rpm = 1769, afr = 13.38, ECT = 80.9, gear = 4,tps = 1.4, map = 38,gx = -0.020, gy = 0.050, gz = 0.920
rpm = 1792, afr = 13.52, ECT = 80.9, gear = 4,tps = 1.5, map = 38,gx = -0.020, gy = 0.050, gz = 0.930
rpm = 1778, afr = 13.52, ECT = 80.9, gear = 4,tps = 1.5, map = 38,gx = -0.030, gy = 0.040, gz = 0.990
rpm = 1775, afr = 13.52, ECT = 80.9, gear = 4,tps = 1.5, map = 38,gx = -0.030, gy = 0.070, gz = 1.050
rpm = 1793, afr = 13.52, ECT = 80.9, gear = 4,tps = 1.5, map = 38,gx = -0.010, gy = 0.070, gz = 1.020
rpm = 1781, afr = 13.52, ECT = 80.9, gear = 4,tps = 1.5, map = 38,gx = -0.020, gy = 0.070, gz = 1.050
rpm = 1776, afr = 13.52, ECT = 80.9, gear = 4gx = -0.040, gy = 0.070, gz = 1.070
,tps = 1.5, map = 39,rpm = 1791, afr = 13.52, ECT = 80.9, gear = 4,tps = 1.5, map = 39,gx = -0.030, gy = 0.080, gz = 1.070
rpm = 1779, afr = 13.52, ECT = 80.9, gear = 4,tps = 1.5, map = 39,gx = -0.050, gy = 0.080, gz = 1.080
rpm = 1779, afr = 13.67, ECT = 80.9, gear = 4,tps = 1.6, map = 39,gx = -0.040, gy = 0.070, gz = 0.990
rpm = 1777, afr = 13.52, ECT = 80.9, gear = 4,tps = 1.5, map = 39,gx = -0.010, gy = 0.060, gz = 0.950
rpm = 1777, afr = 13.52, ECT = 80.9, gear = 4,tps = 1.6, map = 39,gx = -0.010, gy = 0.080, gz = 0.920
rpm = 1779, afr = 13.52, ECT = 80.9, gear = 4,tps = 1.6, map = 39,gx = -0.010, gy = 0.090, gz = 0.960
rpm = 1769, afr = 13.52, ECT = 80.9, gear = 4,tps = 1.5, map = 39,gx = -0.030, gy = 0.080, gz = 1.040
rpm = 1783, afr = 13.52, ECT = 80.9, gear = 4,tps = 1.5, map = 39,gx = -0.030, gy = 0.090, gz = 1.040
rpm = 1788, afr = 13.52, ECT = 80.9, gear = 4,tps = 1.5, map = 39,gx = -0.050, gy = 0.060, gz = 1.010
rpm = 1763, afr = 13.52, ECT = 80.9, gear = 4,tps = 1.5, map = 39,gx = -0.050, gy = 0.050, gz = 0.980
rpm = 1777, afr = 13.67, ECT = 80.9, gear = 4,tps = 1.5, map = 39,gx = -0.040, gy = 0.050, gz = 0.930
rpm = 1776, afr = 13.52, ECT = 80.9, gear = 4,tps = 1.5, map = 39,gx = -0.040, gy = 0.020, gz = 0.890
rpm = 1764, afr = 13.52, ECT = 80.9, gear = 4,tps = 1.6, map = 39,gx = -0.040, gy = 0.020, gz = 0.900
rpm = 1774, afr = 13.52, ECT = 80.9, gear = 4,tps = 1.6, map = 39,gx = -0.050, gy = 0.060, gz = 0.930
rpm = 1774, afr = 13.52, ECT = 80.9, gear = 4,tps = 1.5, map = 39,gx = -0.050, gy = 0.090, gz = 0.940
rpm = 1765, afr = 13.52, ECT = 80.9, gear = 4,tps = 1.5, map = 39,gx = -0.050, gy = 0.050, gz = 0.960
rpm = 1776, afr = 13.38, ECT = 80.9, gear = 4,tps = 1.6, map = 39,gx = -0.030, gy = 0.050, gz = 1.000
rpm = 1777, afr = 13.38, ECT = 80.9, gear = 4,tps = 1.6, map = 39,gx = -0.040, gy = 0.050, gz = 0.960
rpm = 1771, afr = 13.38, ECT = 80.9, gear = 4,tps = 1.6, map = 39,gx = -0.030, gy = 0.070, gz = 0.860
rpm = 1766, afr = 13.38, ECT = 80.9, gear = 4,tps = 1.6, map = 39,gx = -0.030, gy = 0.030, gz = 0.900
rpm = 1774, afr = 13.52, ECT = 80.9, gear = 4,tps = 1.6, map = 39,gx = -0.010, gy = 0.050, gz = 0.900
rpm = 1770, afr = 13.38, ECT = 80.9, gear = 4,tps = 1.6, map = 39,gx = -0.050, gy = 0.040, gz = 0.840
rpm = 1765, afr = 13.38, ECT = 80.9, gear = 4,tps = 1.6, map = 39,gx = -0.040, gy = 0.030, gz = 0.910
rpm = 1783, afr = 13.38, ECT = 80.9, gear = 4,tps = 1.6, map = 39,gx = -0.030, gy = 0.060, gz = 1.020
rpm = 1774, afr = 13.38, ECT = 80.8, gear = 4,tps = 1.6, map = 39,gx = -0.030, gy = 0.040, gz = 1.140
rpm = 1782, afr = 13.38, ECT = 80.9, gear = 4,tps = 1.6, map = 39,gx = -0.040, gy = 0.030, gz = 1.120
rpm = 1799, afr = 13.38, ECT = 80.9, gear = 4,tps = 1.6, map = 39,gx = 0.000, gy = 0.010, gz = 1.010
rpm = 1778, afr = 13.23, ECT = 80.8, gear = 4,tps = 1.6, map = 39,gx = -0.030, gy = 0.050, gz = 1.000
rpm = 1763, afr = 13.38, ECT = 80.8, gear = 4,tps = 1.6, map = 39,gx = -0.040, gy = 0.060, gz = 0.930
rpm = 1786, afr = 13.38, ECT = 80.8, gear = 4,tps = 1.6, map = 39,gx = -0.040, gy = 0.040, gz = 0.860
rpm = 1773, afr = 13.38, ECT = 80.9, gear = 4,tps = 1.6, map = 39,gx = -0.040, gy = 0.020, gz = 0.820
rpm = 1768, afr = 13.38, ECT = 80.9, gear = 4gx = -0.050, gy = 0.050, gz = 0.920
,tps = 1.6, map = 39,rpm = 1790, afr = 13.38, ECT = 80.8, gear = 4,tps = 1.6, map = 39,gx = -0.050, gy = 0.020, gz = 0.980
rpm = 1784, afr = 13.38, ECT = 80.9, gear = 4